2021-06-13 09:27:53,561 [background-preinit] DEBUG o.h.v.i.x.config.ValidationXmlParser - Trying to load META-INF/validation.xml for XML based Validator configuration.
2021-06-13 09:27:53,561 [main] INFO  c.e.discount.DiscountApplication - Starting DiscountApplication using Java 15.0.2 on Nuras-Macbook.local with PID 20678 (/Users/nura/dev/java11/target/classes started by nura in /Users/nura/dev/java11)
2021-06-13 09:27:53,568 [main] INFO  c.e.discount.DiscountApplication - No active profile set, falling back to default profiles: default
2021-06-13 09:27:53,569 [background-preinit] DEBUG o.h.v.i.x.c.ResourceLoaderHelper - Trying to load META-INF/validation.xml via TCCL
2021-06-13 09:27:53,570 [background-preinit] DEBUG o.h.v.i.x.c.ResourceLoaderHelper - Trying to load META-INF/validation.xml via Hibernate Validator's class loader
2021-06-13 09:27:53,570 [background-preinit] DEBUG o.h.v.i.x.config.ValidationXmlParser - No META-INF/validation.xml found. Using annotation based configuration only.
2021-06-13 09:27:53,578 [background-preinit] DEBUG o.h.v.i.e.r.TraversableResolvers - Found javax.persistence.Persistence on classpath containing 'getPersistenceUtil'. Assuming JPA 2 environment. Trying to instantiate JPA aware TraversableResolver
2021-06-13 09:27:53,579 [background-preinit] DEBUG o.h.v.i.e.r.TraversableResolvers - Instantiated JPA aware TraversableResolver of type org.hibernate.validator.internal.engine.resolver.JPATraversableResolver.
2021-06-13 09:27:53,617 [background-preinit] DEBUG o.h.v.m.ResourceBundleMessageInterpolator - Loaded expression factory via original TCCL
2021-06-13 09:27:53,742 [background-preinit] DEBUG o.h.v.i.e.ValidatorFactoryConfigurationHelper - HV000252: Using org.hibernate.validator.internal.engine.DefaultPropertyNodeNameProvider as property node name provider.
2021-06-13 09:27:53,749 [background-preinit] DEBUG o.h.v.i.e.ValidatorFactoryConfigurationHelper - HV000234: Using org.hibernate.validator.messageinterpolation.ResourceBundleMessageInterpolator as ValidatorFactory-scoped message interpolator.
2021-06-13 09:27:53,750 [background-preinit] DEBUG o.h.v.i.e.ValidatorFactoryConfigurationHelper - HV000234: Using org.hibernate.validator.internal.engine.resolver.JPATraversableResolver as ValidatorFactory-scoped traversable resolver.
2021-06-13 09:27:53,750 [background-preinit] DEBUG o.h.v.i.e.ValidatorFactoryConfigurationHelper - HV000234: Using org.hibernate.validator.internal.util.ExecutableParameterNameProvider as ValidatorFactory-scoped parameter name provider.
2021-06-13 09:27:53,750 [background-preinit] DEBUG o.h.v.i.e.ValidatorFactoryConfigurationHelper - HV000234: Using org.hibernate.validator.internal.engine.DefaultClockProvider as ValidatorFactory-scoped clock provider.
2021-06-13 09:27:53,751 [background-preinit] DEBUG o.h.v.i.e.ValidatorFactoryConfigurationHelper - HV000234: Using org.hibernate.validator.internal.engine.scripting.DefaultScriptEvaluatorFactory as ValidatorFactory-scoped script evaluator factory.
2021-06-13 09:27:54,571 [main] INFO  o.s.d.r.c.RepositoryConfigurationDelegate - Bootstrapping Spring Data JPA repositories in DEFAULT mode.
2021-06-13 09:27:54,629 [main] INFO  o.s.d.r.c.RepositoryConfigurationDelegate - Finished Spring Data repository scanning in 47 ms. Found 2 JPA repository interfaces.
2021-06-13 09:27:55,273 [main] INFO  o.s.b.w.e.tomcat.TomcatWebServer - Tomcat initialized with port(s): 8080 (http)
2021-06-13 09:27:55,287 [main] INFO  o.a.catalina.core.StandardService - Starting service [Tomcat]
2021-06-13 09:27:55,288 [main] INFO  o.a.catalina.core.StandardEngine - Starting Servlet engine: [Apache Tomcat/9.0.43]
2021-06-13 09:27:55,394 [main] INFO  o.a.c.c.C.[Tomcat].[localhost].[/] - Initializing Spring embedded WebApplicationContext
2021-06-13 09:27:55,395 [main] INFO  o.s.b.w.s.c.ServletWebServerApplicationContext - Root WebApplicationContext: initialization completed in 1778 ms
2021-06-13 09:27:55,520 [main] INFO  com.zaxxer.hikari.HikariDataSource - HikariPool-1 - Starting...
2021-06-13 09:27:55,657 [main] INFO  com.zaxxer.hikari.HikariDataSource - HikariPool-1 - Start completed.
2021-06-13 09:27:56,015 [main] INFO  liquibase.lockservice - Successfully acquired change log lock
2021-06-13 09:27:56,214 [main] INFO  liquibase.changelog - Reading from public.databasechangelog
2021-06-13 09:27:56,262 [main] INFO  liquibase.lockservice - Successfully released change log lock
2021-06-13 09:27:56,272 [main] INFO  liquibase.lockservice - Successfully acquired change log lock
2021-06-13 09:27:56,275 [main] WARN  liquibase.hub - Skipping auto-registration
2021-06-13 09:27:56,280 [main] INFO  liquibase.lockservice - Successfully released change log lock
2021-06-13 09:27:56,345 [main] DEBUG o.h.jpa.internal.util.LogHelper - PersistenceUnitInfo [
	name: default
	persistence provider classname: null
	classloader: jdk.internal.loader.ClassLoaders$AppClassLoader@55054057
	excludeUnlistedClasses: true
	JTA datasource: null
	Non JTA datasource: HikariDataSource (HikariPool-1)
	Transaction type: RESOURCE_LOCAL
	PU root URL: file:/Users/nura/dev/java11/target/classes/
	Shared Cache Mode: UNSPECIFIED
	Validation Mode: AUTO
	Jar files URLs []
	Managed classes names [
		com.exadel.discount.entity.Coupon
		com.exadel.discount.entity.User]
	Mapping files names []
	Properties []
2021-06-13 09:27:56,358 [main] DEBUG o.h.i.internal.IntegratorServiceImpl - Adding Integrator [org.hibernate.cfg.beanvalidation.BeanValidationIntegrator].
2021-06-13 09:27:56,360 [main] DEBUG o.h.i.internal.IntegratorServiceImpl - Adding Integrator [org.hibernate.secure.spi.JaccIntegrator].
2021-06-13 09:27:56,363 [main] DEBUG o.h.i.internal.IntegratorServiceImpl - Adding Integrator [org.hibernate.cache.internal.CollectionCacheInvalidator].
2021-06-13 09:27:56,410 [main] INFO  org.hibernate.Version - HHH000412: Hibernate ORM core version 5.4.28.Final
2021-06-13 09:27:56,412 [main] DEBUG org.hibernate.cfg.Environment - HHH000206: hibernate.properties not found
2021-06-13 09:27:56,577 [main] DEBUG o.h.service.spi.ServiceBinding - Overriding existing service binding [org.hibernate.secure.spi.JaccService]
2021-06-13 09:27:56,590 [main] DEBUG o.h.c.i.RegionFactoryInitiator - Cannot default RegionFactory based on registered strategies as `[]` RegionFactory strategies were registered
2021-06-13 09:27:56,591 [main] DEBUG o.h.c.i.RegionFactoryInitiator - Cache region factory : org.hibernate.cache.internal.NoCachingRegionFactory
2021-06-13 09:27:56,602 [main] INFO  o.h.annotations.common.Version - HCANN000001: Hibernate Commons Annotations {5.1.2.Final}
2021-06-13 09:27:56,628 [main] DEBUG org.hibernate.type.BasicTypeRegistry - Adding type registration boolean -> org.hibernate.type.BooleanType@6297cb4b
2021-06-13 09:27:56,628 [main] DEBUG org.hibernate.type.BasicTypeRegistry - Adding type registration boolean -> org.hibernate.type.BooleanType@6297cb4b
2021-06-13 09:27:56,628 [main] DEBUG org.hibernate.type.BasicTypeRegistry - Adding type registration java.lang.Boolean -> org.hibernate.type.BooleanType@6297cb4b
2021-06-13 09:27:56,629 [main] DEBUG org.hibernate.type.BasicTypeRegistry - Adding type registration numeric_boolean -> org.hibernate.type.NumericBooleanType@4f82248f
2021-06-13 09:27:56,629 [main] DEBUG org.hibernate.type.BasicTypeRegistry - Adding type registration true_false -> org.hibernate.type.TrueFalseType@7f1fec57
2021-06-13 09:27:56,630 [main] DEBUG org.hibernate.type.BasicTypeRegistry - Adding type registration yes_no -> org.hibernate.type.YesNoType@4dffff9
2021-06-13 09:27:56,631 [main] DEBUG org.hibernate.type.BasicTypeRegistry - Adding type registration byte -> org.hibernate.type.ByteType@54f69311
2021-06-13 09:27:56,631 [main] DEBUG org.hibernate.type.BasicTypeRegistry - Adding type registration byte -> org.hibernate.type.ByteType@54f69311
2021-06-13 09:27:56,632 [main] DEBUG org.hibernate.type.BasicTypeRegistry - Adding type registration java.lang.Byte -> org.hibernate.type.ByteType@54f69311
2021-06-13 09:27:56,633 [main] DEBUG org.hibernate.type.BasicTypeRegistry - Adding type registration character -> org.hibernate.type.CharacterType@4c79ca55
2021-06-13 09:27:56,633 [main] DEBUG org.hibernate.type.BasicTypeRegistry - Adding type registration char -> org.hibernate.type.CharacterType@4c79ca55
2021-06-13 09:27:56,633 [main] DEBUG org.hibernate.type.BasicTypeRegistry - Adding type registration java.lang.Character -> org.hibernate.type.CharacterType@4c79ca55
2021-06-13 09:27:56,634 [main] DEBUG org.hibernate.type.BasicTypeRegistry - Adding type registration short -> org.hibernate.type.ShortType@1124dd79
2021-06-13 09:27:56,634 [main] DEBUG org.hibernate.type.BasicTypeRegistry - Adding type registration short -> org.hibernate.type.ShortType@1124dd79
2021-06-13 09:27:56,635 [main] DEBUG org.hibernate.type.BasicTypeRegistry - Adding type registration java.lang.Short -> org.hibernate.type.ShortType@1124dd79
2021-06-13 09:27:56,635 [main] DEBUG org.hibernate.type.BasicTypeRegistry - Adding type registration integer -> org.hibernate.type.IntegerType@35841d6
2021-06-13 09:27:56,636 [main] DEBUG org.hibernate.type.BasicTypeRegistry - Adding type registration int -> org.hibernate.type.IntegerType@35841d6
2021-06-13 09:27:56,636 [main] DEBUG org.hibernate.type.BasicTypeRegistry - Adding type registration java.lang.Integer -> org.hibernate.type.IntegerType@35841d6
2021-06-13 09:27:56,636 [main] DEBUG org.hibernate.type.BasicTypeRegistry - Adding type registration long -> org.hibernate.type.LongType@6c06b1bc
2021-06-13 09:27:56,636 [main] DEBUG org.hibernate.type.BasicTypeRegistry - Adding type registration long -> org.hibernate.type.LongType@6c06b1bc
2021-06-13 09:27:56,637 [main] DEBUG org.hibernate.type.BasicTypeRegistry - Adding type registration java.lang.Long -> org.hibernate.type.LongType@6c06b1bc
2021-06-13 09:27:56,637 [main] DEBUG org.hibernate.type.BasicTypeRegistry - Adding type registration float -> org.hibernate.type.FloatType@762cdf46
2021-06-13 09:27:56,637 [main] DEBUG org.hibernate.type.BasicTypeRegistry - Adding type registration float -> org.hibernate.type.FloatType@762cdf46
2021-06-13 09:27:56,638 [main] DEBUG org.hibernate.type.BasicTypeRegistry - Adding type registration java.lang.Float -> org.hibernate.type.FloatType@762cdf46
2021-06-13 09:27:56,638 [main] DEBUG org.hibernate.type.BasicTypeRegistry - Adding type registration double -> org.hibernate.type.DoubleType@7d5a0b14
2021-06-13 09:27:56,639 [main] DEBUG org.hibernate.type.BasicTypeRegistry - Adding type registration double -> org.hibernate.type.DoubleType@7d5a0b14
2021-06-13 09:27:56,639 [main] DEBUG org.hibernate.type.BasicTypeRegistry - Adding type registration java.lang.Double -> org.hibernate.type.DoubleType@7d5a0b14
2021-06-13 09:27:56,640 [main] DEBUG org.hibernate.type.BasicTypeRegistry - Adding type registration big_decimal -> org.hibernate.type.BigDecimalType@7157413e
2021-06-13 09:27:56,640 [main] DEBUG org.hibernate.type.BasicTypeRegistry - Adding type registration java.math.BigDecimal -> org.hibernate.type.BigDecimalType@7157413e
2021-06-13 09:27:56,641 [main] DEBUG org.hibernate.type.BasicTypeRegistry - Adding type registration big_integer -> org.hibernate.type.BigIntegerType@312819ae
2021-06-13 09:27:56,642 [main] DEBUG org.hibernate.type.BasicTypeRegistry - Adding type registration java.math.BigInteger -> org.hibernate.type.BigIntegerType@312819ae
2021-06-13 09:27:56,642 [main] DEBUG org.hibernate.type.BasicTypeRegistry - Adding type registration string -> org.hibernate.type.StringType@26612078
2021-06-13 09:27:56,643 [main] DEBUG org.hibernate.type.BasicTypeRegistry - Adding type registration java.lang.String -> org.hibernate.type.StringType@26612078
2021-06-13 09:27:56,643 [main] DEBUG org.hibernate.type.BasicTypeRegistry - Adding type registration nstring -> org.hibernate.type.StringNVarcharType@3c3cd7a5
2021-06-13 09:27:56,644 [main] DEBUG org.hibernate.type.BasicTypeRegistry - Adding type registration ncharacter -> org.hibernate.type.CharacterNCharType@2d3c501b
2021-06-13 09:27:56,644 [main] DEBUG org.hibernate.type.BasicTypeRegistry - Adding type registration url -> org.hibernate.type.UrlType@c0004b7
2021-06-13 09:27:56,644 [main] DEBUG org.hibernate.type.BasicTypeRegistry - Adding type registration java.net.URL -> org.hibernate.type.UrlType@c0004b7
2021-06-13 09:27:56,645 [main] DEBUG org.hibernate.type.BasicTypeRegistry - Adding type registration Duration -> org.hibernate.type.DurationType@55e5415d
2021-06-13 09:27:56,645 [main] DEBUG org.hibernate.type.BasicTypeRegistry - Adding type registration java.time.Duration -> org.hibernate.type.DurationType@55e5415d
2021-06-13 09:27:56,646 [main] DEBUG org.hibernate.type.BasicTypeRegistry - Adding type registration Instant -> org.hibernate.type.InstantType@2ed7978c
2021-06-13 09:27:56,646 [main] DEBUG org.hibernate.type.BasicTypeRegistry - Adding type registration java.time.Instant -> org.hibernate.type.InstantType@2ed7978c
2021-06-13 09:27:56,647 [main] DEBUG org.hibernate.type.BasicTypeRegistry - Adding type registration LocalDateTime -> org.hibernate.type.LocalDateTimeType@59c862af
2021-06-13 09:27:56,647 [main] DEBUG org.hibernate.type.BasicTypeRegistry - Adding type registration java.time.LocalDateTime -> org.hibernate.type.LocalDateTimeType@59c862af
2021-06-13 09:27:56,648 [main] DEBUG org.hibernate.type.BasicTypeRegistry - Adding type registration LocalDate -> org.hibernate.type.LocalDateType@5a8b42a3
2021-06-13 09:27:56,648 [main] DEBUG org.hibernate.type.BasicTypeRegistry - Adding type registration java.time.LocalDate -> org.hibernate.type.LocalDateType@5a8b42a3
2021-06-13 09:27:56,649 [main] DEBUG org.hibernate.type.BasicTypeRegistry - Adding type registration LocalTime -> org.hibernate.type.LocalTimeType@4552f905
2021-06-13 09:27:56,649 [main] DEBUG org.hibernate.type.BasicTypeRegistry - Adding type registration java.time.LocalTime -> org.hibernate.type.LocalTimeType@4552f905
2021-06-13 09:27:56,650 [main] DEBUG org.hibernate.type.BasicTypeRegistry - Adding type registration OffsetDateTime -> org.hibernate.type.OffsetDateTimeType@fb2c2f3
2021-06-13 09:27:56,650 [main] DEBUG org.hibernate.type.BasicTypeRegistry - Adding type registration java.time.OffsetDateTime -> org.hibernate.type.OffsetDateTimeType@fb2c2f3
2021-06-13 09:27:56,651 [main] DEBUG org.hibernate.type.BasicTypeRegistry - Adding type registration OffsetTime -> org.hibernate.type.OffsetTimeType@48da64f2
2021-06-13 09:27:56,651 [main] DEBUG org.hibernate.type.BasicTypeRegistry - Adding type registration java.time.OffsetTime -> org.hibernate.type.OffsetTimeType@48da64f2
2021-06-13 09:27:56,652 [main] DEBUG org.hibernate.type.BasicTypeRegistry - Adding type registration ZonedDateTime -> org.hibernate.type.ZonedDateTimeType@70f91ae3
2021-06-13 09:27:56,652 [main] DEBUG org.hibernate.type.BasicTypeRegistry - Adding type registration java.time.ZonedDateTime -> org.hibernate.type.ZonedDateTimeType@70f91ae3
2021-06-13 09:27:56,652 [main] DEBUG org.hibernate.type.BasicTypeRegistry - Adding type registration date -> org.hibernate.type.DateType@3cb49121
2021-06-13 09:27:56,653 [main] DEBUG org.hibernate.type.BasicTypeRegistry - Adding type registration java.sql.Date -> org.hibernate.type.DateType@3cb49121
2021-06-13 09:27:56,653 [main] DEBUG org.hibernate.type.BasicTypeRegistry - Adding type registration time -> org.hibernate.type.TimeType@4ebd8d2
2021-06-13 09:27:56,653 [main] DEBUG org.hibernate.type.BasicTypeRegistry - Adding type registration java.sql.Time -> org.hibernate.type.TimeType@4ebd8d2
2021-06-13 09:27:56,654 [main] DEBUG org.hibernate.type.BasicTypeRegistry - Adding type registration timestamp -> org.hibernate.type.TimestampType@124ff64d
2021-06-13 09:27:56,654 [main] DEBUG org.hibernate.type.BasicTypeRegistry - Adding type registration java.sql.Timestamp -> org.hibernate.type.TimestampType@124ff64d
2021-06-13 09:27:56,654 [main] DEBUG org.hibernate.type.BasicTypeRegistry - Adding type registration java.util.Date -> org.hibernate.type.TimestampType@124ff64d
2021-06-13 09:27:56,655 [main] DEBUG org.hibernate.type.BasicTypeRegistry - Adding type registration dbtimestamp -> org.hibernate.type.DbTimestampType@5e05a706
2021-06-13 09:27:56,655 [main] DEBUG org.hibernate.type.BasicTypeRegistry - Adding type registration calendar -> org.hibernate.type.CalendarType@56da8847
2021-06-13 09:27:56,656 [main] DEBUG org.hibernate.type.BasicTypeRegistry - Adding type registration java.util.Calendar -> org.hibernate.type.CalendarType@56da8847
2021-06-13 09:27:56,656 [main] DEBUG org.hibernate.type.BasicTypeRegistry - Adding type registration java.util.GregorianCalendar -> org.hibernate.type.CalendarType@56da8847
2021-06-13 09:27:56,656 [main] DEBUG org.hibernate.type.BasicTypeRegistry - Adding type registration calendar_date -> org.hibernate.type.CalendarDateType@cef885d
2021-06-13 09:27:56,657 [main] DEBUG org.hibernate.type.BasicTypeRegistry - Adding type registration calendar_time -> org.hibernate.type.CalendarTimeType@3c62be3c
2021-06-13 09:27:56,657 [main] DEBUG org.hibernate.type.BasicTypeRegistry - Adding type registration locale -> org.hibernate.type.LocaleType@4c02899
2021-06-13 09:27:56,657 [main] DEBUG org.hibernate.type.BasicTypeRegistry - Adding type registration java.util.Locale -> org.hibernate.type.LocaleType@4c02899
2021-06-13 09:27:56,658 [main] DEBUG org.hibernate.type.BasicTypeRegistry - Adding type registration currency -> org.hibernate.type.CurrencyType@545f0b6
2021-06-13 09:27:56,658 [main] DEBUG org.hibernate.type.BasicTypeRegistry - Adding type registration java.util.Currency -> org.hibernate.type.CurrencyType@545f0b6
2021-06-13 09:27:56,659 [main] DEBUG org.hibernate.type.BasicTypeRegistry - Adding type registration timezone -> org.hibernate.type.TimeZoneType@51f4439e
2021-06-13 09:27:56,659 [main] DEBUG org.hibernate.type.BasicTypeRegistry - Adding type registration java.util.TimeZone -> org.hibernate.type.TimeZoneType@51f4439e
2021-06-13 09:27:56,660 [main] DEBUG org.hibernate.type.BasicTypeRegistry - Adding type registration class -> org.hibernate.type.ClassType@1b36d248
2021-06-13 09:27:56,660 [main] DEBUG org.hibernate.type.BasicTypeRegistry - Adding type registration java.lang.Class -> org.hibernate.type.ClassType@1b36d248
2021-06-13 09:27:56,661 [main] DEBUG org.hibernate.type.BasicTypeRegistry - Adding type registration uuid-binary -> org.hibernate.type.UUIDBinaryType@8315e4a
2021-06-13 09:27:56,661 [main] DEBUG org.hibernate.type.BasicTypeRegistry - Adding type registration java.util.UUID -> org.hibernate.type.UUIDBinaryType@8315e4a
2021-06-13 09:27:56,661 [main] DEBUG org.hibernate.type.BasicTypeRegistry - Adding type registration uuid-char -> org.hibernate.type.UUIDCharType@23d978b
2021-06-13 09:27:56,662 [main] DEBUG org.hibernate.type.BasicTypeRegistry - Adding type registration binary -> org.hibernate.type.BinaryType@74a74070
2021-06-13 09:27:56,662 [main] DEBUG org.hibernate.type.BasicTypeRegistry - Adding type registration byte[] -> org.hibernate.type.BinaryType@74a74070
2021-06-13 09:27:56,662 [main] DEBUG org.hibernate.type.BasicTypeRegistry - Adding type registration [B -> org.hibernate.type.BinaryType@74a74070
2021-06-13 09:27:56,662 [main] DEBUG org.hibernate.type.BasicTypeRegistry - Adding type registration wrapper-binary -> org.hibernate.type.WrapperBinaryType@3a3bc0da
2021-06-13 09:27:56,662 [main] DEBUG org.hibernate.type.BasicTypeRegistry - Adding type registration Byte[] -> org.hibernate.type.WrapperBinaryType@3a3bc0da
2021-06-13 09:27:56,662 [main] DEBUG org.hibernate.type.BasicTypeRegistry - Adding type registration [Ljava.lang.Byte; -> org.hibernate.type.WrapperBinaryType@3a3bc0da
2021-06-13 09:27:56,663 [main] DEBUG org.hibernate.type.BasicTypeRegistry - Adding type registration row_version -> org.hibernate.type.RowVersionType@56b704ea
2021-06-13 09:27:56,663 [main] DEBUG org.hibernate.type.BasicTypeRegistry - Adding type registration image -> org.hibernate.type.ImageType@b81938d
2021-06-13 09:27:56,664 [main] DEBUG org.hibernate.type.BasicTypeRegistry - Adding type registration characters -> org.hibernate.type.CharArrayType@bea5941
2021-06-13 09:27:56,664 [main] DEBUG org.hibernate.type.BasicTypeRegistry - Adding type registration char[] -> org.hibernate.type.CharArrayType@bea5941
2021-06-13 09:27:56,664 [main] DEBUG org.hibernate.type.BasicTypeRegistry - Adding type registration [C -> org.hibernate.type.CharArrayType@bea5941
2021-06-13 09:27:56,665 [main] DEBUG org.hibernate.type.BasicTypeRegistry - Adding type registration wrapper-characters -> org.hibernate.type.CharacterArrayType@4ac0ed65
2021-06-13 09:27:56,665 [main] DEBUG org.hibernate.type.BasicTypeRegistry - Adding type registration [Ljava.lang.Character; -> org.hibernate.type.CharacterArrayType@4ac0ed65
2021-06-13 09:27:56,665 [main] DEBUG org.hibernate.type.BasicTypeRegistry - Adding type registration Character[] -> org.hibernate.type.CharacterArrayType@4ac0ed65
2021-06-13 09:27:56,665 [main] DEBUG org.hibernate.type.BasicTypeRegistry - Adding type registration text -> org.hibernate.type.TextType@73aae7a
2021-06-13 09:27:56,665 [main] DEBUG org.hibernate.type.BasicTypeRegistry - Adding type registration ntext -> org.hibernate.type.NTextType@5f82209e
2021-06-13 09:27:56,666 [main] DEBUG org.hibernate.type.BasicTypeRegistry - Adding type registration blob -> org.hibernate.type.BlobType@1c8e2850
2021-06-13 09:27:56,666 [main] DEBUG org.hibernate.type.BasicTypeRegistry - Adding type registration java.sql.Blob -> org.hibernate.type.BlobType@1c8e2850
2021-06-13 09:27:56,667 [main] DEBUG org.hibernate.type.BasicTypeRegistry - Adding type registration materialized_blob -> org.hibernate.type.MaterializedBlobType@399c408c
2021-06-13 09:27:56,667 [main] DEBUG org.hibernate.type.BasicTypeRegistry - Adding type registration clob -> org.hibernate.type.ClobType@69ab2d6a
2021-06-13 09:27:56,667 [main] DEBUG org.hibernate.type.BasicTypeRegistry - Adding type registration java.sql.Clob -> org.hibernate.type.ClobType@69ab2d6a
2021-06-13 09:27:56,668 [main] DEBUG org.hibernate.type.BasicTypeRegistry - Adding type registration nclob -> org.hibernate.type.NClobType@301d84f6
2021-06-13 09:27:56,668 [main] DEBUG org.hibernate.type.BasicTypeRegistry - Adding type registration java.sql.NClob -> org.hibernate.type.NClobType@301d84f6
2021-06-13 09:27:56,669 [main] DEBUG org.hibernate.type.BasicTypeRegistry - Adding type registration materialized_clob -> org.hibernate.type.MaterializedClobType@114b2414
2021-06-13 09:27:56,669 [main] DEBUG org.hibernate.type.BasicTypeRegistry - Adding type registration materialized_nclob -> org.hibernate.type.MaterializedNClobType@2a6c751f
2021-06-13 09:27:56,669 [main] DEBUG org.hibernate.type.BasicTypeRegistry - Adding type registration serializable -> org.hibernate.type.SerializableType@2ca132ad
2021-06-13 09:27:56,672 [main] DEBUG org.hibernate.type.BasicTypeRegistry - Adding type registration object -> org.hibernate.type.ObjectType@4ff0706c
2021-06-13 09:27:56,672 [main] DEBUG org.hibernate.type.BasicTypeRegistry - Adding type registration java.lang.Object -> org.hibernate.type.ObjectType@4ff0706c
2021-06-13 09:27:56,672 [main] DEBUG org.hibernate.type.BasicTypeRegistry - Adding type registration imm_date -> org.hibernate.type.AdaptedImmutableType@611587f7
2021-06-13 09:27:56,672 [main] DEBUG org.hibernate.type.BasicTypeRegistry - Adding type registration imm_time -> org.hibernate.type.AdaptedImmutableType@4d0abb23
2021-06-13 09:27:56,673 [main] DEBUG org.hibernate.type.BasicTypeRegistry - Adding type registration imm_timestamp -> org.hibernate.type.AdaptedImmutableType@6ab1f85b
2021-06-13 09:27:56,673 [main] DEBUG org.hibernate.type.BasicTypeRegistry - Adding type registration imm_dbtimestamp -> org.hibernate.type.AdaptedImmutableType@10e8c7a2
2021-06-13 09:27:56,673 [main] DEBUG org.hibernate.type.BasicTypeRegistry - Adding type registration imm_calendar -> org.hibernate.type.AdaptedImmutableType@5d8fd077
2021-06-13 09:27:56,673 [main] DEBUG org.hibernate.type.BasicTypeRegistry - Adding type registration imm_calendar_date -> org.hibernate.type.AdaptedImmutableType@4544ab46
2021-06-13 09:27:56,673 [main] DEBUG org.hibernate.type.BasicTypeRegistry - Adding type registration imm_binary -> org.hibernate.type.AdaptedImmutableType@2052f095
2021-06-13 09:27:56,673 [main] DEBUG org.hibernate.type.BasicTypeRegistry - Adding type registration imm_serializable -> org.hibernate.type.AdaptedImmutableType@76d1f6ea
2021-06-13 09:27:56,681 [main] DEBUG o.h.b.internal.BootstrapContextImpl - Injecting JPA temp ClassLoader [org.springframework.instrument.classloading.SimpleThrowawayClassLoader@538905d2] into BootstrapContext; was [null]
2021-06-13 09:27:56,681 [main] DEBUG o.h.b.internal.ClassLoaderAccessImpl - ClassLoaderAccessImpl#injectTempClassLoader(org.springframework.instrument.classloading.SimpleThrowawayClassLoader@538905d2) [was null]
2021-06-13 09:27:56,681 [main] DEBUG o.h.b.internal.BootstrapContextImpl - Injecting ScanEnvironment [org.hibernate.jpa.boot.internal.StandardJpaScanEnvironmentImpl@7ec5aad] into BootstrapContext; was [null]
2021-06-13 09:27:56,681 [main] DEBUG o.h.b.internal.BootstrapContextImpl - Injecting ScanOptions [org.hibernate.boot.archive.scan.internal.StandardScanOptions@625f5712] into BootstrapContext; was [org.hibernate.boot.archive.scan.internal.StandardScanOptions@5e62ca19]
2021-06-13 09:27:56,697 [main] DEBUG o.h.b.internal.BootstrapContextImpl - Injecting JPA temp ClassLoader [null] into BootstrapContext; was [org.springframework.instrument.classloading.SimpleThrowawayClassLoader@538905d2]
2021-06-13 09:27:56,697 [main] DEBUG o.h.b.internal.ClassLoaderAccessImpl - ClassLoaderAccessImpl#injectTempClassLoader(null) [was org.springframework.instrument.classloading.SimpleThrowawayClassLoader@538905d2]
2021-06-13 09:27:56,708 [main] DEBUG o.h.i.f.i.DefaultIdentifierGeneratorFactory - Registering IdentifierGenerator strategy [uuid2] -> [org.hibernate.id.UUIDGenerator]
2021-06-13 09:27:56,708 [main] DEBUG o.h.i.f.i.DefaultIdentifierGeneratorFactory - Registering IdentifierGenerator strategy [guid] -> [org.hibernate.id.GUIDGenerator]
2021-06-13 09:27:56,709 [main] DEBUG o.h.i.f.i.DefaultIdentifierGeneratorFactory - Registering IdentifierGenerator strategy [uuid] -> [org.hibernate.id.UUIDHexGenerator]
2021-06-13 09:27:56,710 [main] DEBUG o.h.i.f.i.DefaultIdentifierGeneratorFactory - Registering IdentifierGenerator strategy [uuid.hex] -> [org.hibernate.id.UUIDHexGenerator]
2021-06-13 09:27:56,710 [main] DEBUG o.h.i.f.i.DefaultIdentifierGeneratorFactory - Registering IdentifierGenerator strategy [assigned] -> [org.hibernate.id.Assigned]
2021-06-13 09:27:56,712 [main] DEBUG o.h.i.f.i.DefaultIdentifierGeneratorFactory - Registering IdentifierGenerator strategy [identity] -> [org.hibernate.id.IdentityGenerator]
2021-06-13 09:27:56,713 [main] DEBUG o.h.i.f.i.DefaultIdentifierGeneratorFactory - Registering IdentifierGenerator strategy [select] -> [org.hibernate.id.SelectGenerator]
2021-06-13 09:27:56,714 [main] DEBUG o.h.i.f.i.DefaultIdentifierGeneratorFactory - Registering IdentifierGenerator strategy [sequence] -> [org.hibernate.id.enhanced.SequenceStyleGenerator]
2021-06-13 09:27:56,715 [main] DEBUG o.h.i.f.i.DefaultIdentifierGeneratorFactory - Registering IdentifierGenerator strategy [seqhilo] -> [org.hibernate.id.SequenceHiLoGenerator]
2021-06-13 09:27:56,715 [main] DEBUG o.h.i.f.i.DefaultIdentifierGeneratorFactory - Registering IdentifierGenerator strategy [increment] -> [org.hibernate.id.IncrementGenerator]
2021-06-13 09:27:56,716 [main] DEBUG o.h.i.f.i.DefaultIdentifierGeneratorFactory - Registering IdentifierGenerator strategy [foreign] -> [org.hibernate.id.ForeignGenerator]
2021-06-13 09:27:56,716 [main] DEBUG o.h.i.f.i.DefaultIdentifierGeneratorFactory - Registering IdentifierGenerator strategy [sequence-identity] -> [org.hibernate.id.SequenceIdentityGenerator]
2021-06-13 09:27:56,717 [main] DEBUG o.h.i.f.i.DefaultIdentifierGeneratorFactory - Registering IdentifierGenerator strategy [enhanced-sequence] -> [org.hibernate.id.enhanced.SequenceStyleGenerator]
2021-06-13 09:27:56,718 [main] DEBUG o.h.i.f.i.DefaultIdentifierGeneratorFactory - Registering IdentifierGenerator strategy [enhanced-table] -> [org.hibernate.id.enhanced.TableGenerator]
2021-06-13 09:27:56,722 [main] DEBUG o.h.e.j.e.i.JdbcEnvironmentInitiator - Database ->
       name : PostgreSQL
    version : 11.5
      major : 11
      minor : 5
2021-06-13 09:27:56,722 [main] DEBUG o.h.e.j.e.i.JdbcEnvironmentInitiator - Driver ->
       name : PostgreSQL JDBC Driver
    version : 42.2.20
      major : 42
      minor : 2
2021-06-13 09:27:56,723 [main] DEBUG o.h.e.j.e.i.JdbcEnvironmentInitiator - JDBC version : 4.2
2021-06-13 09:27:56,737 [main] INFO  org.hibernate.dialect.Dialect - HHH000400: Using dialect: org.hibernate.dialect.PostgreSQLDialect
2021-06-13 09:27:56,751 [main] DEBUG o.h.e.j.e.s.IdentifierHelperBuilder - JDBC driver metadata reported database stores quoted identifiers in neither upper, lower nor mixed case
2021-06-13 09:27:56,774 [main] DEBUG o.h.boot.model.relational.Namespace - Created database namespace [logicalName=Name{catalog=null, schema=null}, physicalName=Name{catalog=null, schema=null}]
2021-06-13 09:27:56,776 [main] DEBUG org.hibernate.type.BasicTypeRegistry - Adding type registration pg-uuid -> org.hibernate.type.PostgresUUIDType@2de7fe0e
2021-06-13 09:27:56,776 [main] DEBUG org.hibernate.type.BasicTypeRegistry - Adding type registration java.util.UUID -> org.hibernate.type.PostgresUUIDType@2de7fe0e
2021-06-13 09:27:56,776 [main] DEBUG org.hibernate.type.BasicTypeRegistry - HHH000270: Type registration [java.util.UUID] overrides previous : org.hibernate.type.UUIDBinaryType@8315e4a
2021-06-13 09:27:56,777 [main] DEBUG o.h.type.spi.TypeConfiguration$Scope - Scoping TypeConfiguration [org.hibernate.type.spi.TypeConfiguration@102ecb61] to MetadataBuildingContext [org.hibernate.boot.internal.MetadataBuildingContextRootImpl@1fd0ae78]
2021-06-13 09:27:56,834 [main] DEBUG org.hibernate.cfg.AnnotationBinder - Binding entity from annotated class: com.exadel.discount.entity.Coupon
2021-06-13 09:27:56,851 [main] DEBUG org.hibernate.cfg.Ejb3Column - Binding column: Ejb3DiscriminatorColumn{logicalColumnName'DTYPE', discriminatorTypeName='string'}
2021-06-13 09:27:56,854 [main] DEBUG o.h.cfg.annotations.EntityBinder - Import with entity name Coupon
2021-06-13 09:27:56,856 [main] DEBUG o.h.cfg.annotations.EntityBinder - Bind entity com.exadel.discount.entity.Coupon on table coupons
2021-06-13 09:27:56,874 [main] DEBUG org.hibernate.cfg.Ejb3Column - Binding column: Ejb3Column{table=org.hibernate.mapping.Table(coupons), mappingColumn=id, insertable=true, updatable=true, unique=false}
2021-06-13 09:27:56,876 [main] DEBUG o.h.b.internal.ClassLoaderAccessImpl - Not known whether passed class name [com.exadel.discount.entity.Coupon] is safe
2021-06-13 09:27:56,876 [main] DEBUG o.h.b.internal.ClassLoaderAccessImpl - No temp ClassLoader provided; using live ClassLoader for loading potentially unsafe class : com.exadel.discount.entity.Coupon
2021-06-13 09:27:56,877 [main] DEBUG o.h.cfg.annotations.PropertyBinder - MetadataSourceProcessor property id with lazy=false
2021-06-13 09:27:56,879 [main] DEBUG o.h.cfg.AbstractPropertyHolder - Attempting to locate auto-apply AttributeConverter for property [com.exadel.discount.entity.Coupon:id]
2021-06-13 09:27:56,881 [main] DEBUG o.h.c.annotations.SimpleValueBinder - building SimpleValue for id
2021-06-13 09:27:56,884 [main] DEBUG o.h.cfg.annotations.PropertyBinder - Building property id
2021-06-13 09:27:56,885 [main] DEBUG org.hibernate.cfg.BinderHelper - #makeIdGenerator(org.hibernate.mapping.SimpleValue([org.hibernate.mapping.Column(id)]), id, org.hibernate.id.UUIDGenerator, , ...)
2021-06-13 09:27:56,886 [main] DEBUG org.hibernate.cfg.Ejb3Column - Binding column: Ejb3Column{table=org.hibernate.mapping.Table(coupons), mappingColumn=date, insertable=true, updatable=true, unique=false}
2021-06-13 09:27:56,886 [main] DEBUG o.h.cfg.annotations.PropertyBinder - MetadataSourceProcessor property date with lazy=false
2021-06-13 09:27:56,886 [main] DEBUG o.h.cfg.AbstractPropertyHolder - Attempting to locate auto-apply AttributeConverter for property [com.exadel.discount.entity.Coupon:date]
2021-06-13 09:27:56,886 [main] DEBUG o.h.c.annotations.SimpleValueBinder - building SimpleValue for date
2021-06-13 09:27:56,886 [main] DEBUG o.h.cfg.annotations.PropertyBinder - Building property date
2021-06-13 09:27:56,888 [main] DEBUG org.hibernate.cfg.Ejb3Column - Binding column: Ejb3JoinColumn{logicalColumnName='null', referencedColumn='null', mappedBy='null'}
2021-06-13 09:27:56,888 [main] DEBUG org.hibernate.cfg.Ejb3Column - Binding column: Ejb3Column{table=org.hibernate.mapping.Table(coupons), mappingColumn=user, insertable=true, updatable=true, unique=false}
2021-06-13 09:27:56,890 [main] DEBUG o.h.cfg.annotations.PropertyBinder - Building property user
2021-06-13 09:27:56,891 [main] DEBUG org.hibernate.cfg.AnnotationBinder - Binding entity from annotated class: com.exadel.discount.entity.User
2021-06-13 09:27:56,891 [main] DEBUG org.hibernate.cfg.AnnotationBinder - Binding type definition: user_role
2021-06-13 09:27:56,891 [main] DEBUG org.hibernate.cfg.Ejb3Column - Binding column: Ejb3DiscriminatorColumn{logicalColumnName'DTYPE', discriminatorTypeName='string'}
2021-06-13 09:27:56,891 [main] DEBUG o.h.cfg.annotations.EntityBinder - Import with entity name User
2021-06-13 09:27:56,891 [main] DEBUG o.h.cfg.annotations.EntityBinder - Bind entity com.exadel.discount.entity.User on table users
2021-06-13 09:27:56,900 [main] DEBUG org.hibernate.cfg.Ejb3Column - Binding column: Ejb3Column{table=org.hibernate.mapping.Table(users), mappingColumn=id, insertable=true, updatable=true, unique=false}
2021-06-13 09:27:56,900 [main] DEBUG o.h.b.internal.ClassLoaderAccessImpl - Not known whether passed class name [com.exadel.discount.entity.User] is safe
2021-06-13 09:27:56,900 [main] DEBUG o.h.b.internal.ClassLoaderAccessImpl - No temp ClassLoader provided; using live ClassLoader for loading potentially unsafe class : com.exadel.discount.entity.User
2021-06-13 09:27:56,900 [main] DEBUG o.h.cfg.annotations.PropertyBinder - MetadataSourceProcessor property id with lazy=false
2021-06-13 09:27:56,900 [main] DEBUG o.h.cfg.AbstractPropertyHolder - Attempting to locate auto-apply AttributeConverter for property [com.exadel.discount.entity.User:id]
2021-06-13 09:27:56,900 [main] DEBUG o.h.c.annotations.SimpleValueBinder - building SimpleValue for id
2021-06-13 09:27:56,901 [main] DEBUG o.h.cfg.annotations.PropertyBinder - Building property id
2021-06-13 09:27:56,901 [main] DEBUG org.hibernate.cfg.BinderHelper - #makeIdGenerator(org.hibernate.mapping.SimpleValue([org.hibernate.mapping.Column(id)]), id, org.hibernate.id.UUIDGenerator, , ...)
2021-06-13 09:27:56,901 [main] DEBUG org.hibernate.cfg.Ejb3Column - Binding column: Ejb3JoinColumn{logicalColumnName='user_id', referencedColumn='', mappedBy=''}
2021-06-13 09:27:56,901 [main] DEBUG org.hibernate.cfg.Ejb3Column - Binding column: Ejb3Column{table=org.hibernate.mapping.Table(users), mappingColumn=coupons, insertable=true, updatable=true, unique=false}
2021-06-13 09:27:56,902 [main] DEBUG org.hibernate.cfg.Ejb3Column - Binding column: Ejb3Column{table=org.hibernate.mapping.Table(users), mappingColumn=null, insertable=true, updatable=true, unique=false}
2021-06-13 09:27:56,908 [main] DEBUG org.hibernate.cfg.Ejb3Column - Binding column: Ejb3Column{table=org.hibernate.mapping.Table(users), mappingColumn=element, insertable=true, updatable=true, unique=false}
2021-06-13 09:27:56,909 [main] DEBUG org.hibernate.cfg.Ejb3Column - Binding column: Ejb3Column{table=org.hibernate.mapping.Table(users), mappingColumn=coupons_key, insertable=true, updatable=true, unique=false}
2021-06-13 09:27:56,909 [main] DEBUG org.hibernate.cfg.Ejb3Column - Binding column: Ejb3JoinColumn{logicalColumnName='coupons_KEY', referencedColumn='null', mappedBy='null'}
2021-06-13 09:27:56,910 [main] DEBUG org.hibernate.cfg.Ejb3Column - Binding column: Ejb3JoinColumn{logicalColumnName='null', referencedColumn='null', mappedBy=''}
2021-06-13 09:27:56,910 [main] DEBUG org.hibernate.cfg.Ejb3Column - Binding column: Ejb3JoinColumn{logicalColumnName='null', referencedColumn='null', mappedBy=''}
2021-06-13 09:27:56,910 [main] DEBUG o.h.cfg.annotations.CollectionBinder - Collection role: com.exadel.discount.entity.User.coupons
2021-06-13 09:27:56,911 [main] DEBUG o.h.cfg.annotations.PropertyBinder - Building property coupons
2021-06-13 09:27:56,912 [main] DEBUG org.hibernate.cfg.Ejb3Column - Binding column: Ejb3Column{table=org.hibernate.mapping.Table(users), mappingColumn=email, insertable=true, updatable=true, unique=false}
2021-06-13 09:27:56,912 [main] DEBUG o.h.cfg.annotations.PropertyBinder - MetadataSourceProcessor property email with lazy=false
2021-06-13 09:27:56,912 [main] DEBUG o.h.cfg.AbstractPropertyHolder - Attempting to locate auto-apply AttributeConverter for property [com.exadel.discount.entity.User:email]
2021-06-13 09:27:56,912 [main] DEBUG o.h.c.annotations.SimpleValueBinder - building SimpleValue for email
2021-06-13 09:27:56,912 [main] DEBUG o.h.cfg.annotations.PropertyBinder - Building property email
2021-06-13 09:27:56,912 [main] DEBUG org.hibernate.cfg.Ejb3Column - Binding column: Ejb3Column{table=org.hibernate.mapping.Table(users), mappingColumn=first_name, insertable=true, updatable=true, unique=false}
2021-06-13 09:27:56,912 [main] DEBUG o.h.cfg.annotations.PropertyBinder - MetadataSourceProcessor property firstName with lazy=false
2021-06-13 09:27:56,912 [main] DEBUG o.h.cfg.AbstractPropertyHolder - Attempting to locate auto-apply AttributeConverter for property [com.exadel.discount.entity.User:firstName]
2021-06-13 09:27:56,912 [main] DEBUG o.h.c.annotations.SimpleValueBinder - building SimpleValue for firstName
2021-06-13 09:27:56,912 [main] DEBUG o.h.cfg.annotations.PropertyBinder - Building property firstName
2021-06-13 09:27:56,913 [main] DEBUG org.hibernate.cfg.Ejb3Column - Binding column: Ejb3Column{table=org.hibernate.mapping.Table(users), mappingColumn=last_name, insertable=true, updatable=true, unique=false}
2021-06-13 09:27:56,913 [main] DEBUG o.h.cfg.annotations.PropertyBinder - MetadataSourceProcessor property lastName with lazy=false
2021-06-13 09:27:56,913 [main] DEBUG o.h.cfg.AbstractPropertyHolder - Attempting to locate auto-apply AttributeConverter for property [com.exadel.discount.entity.User:lastName]
2021-06-13 09:27:56,913 [main] DEBUG o.h.c.annotations.SimpleValueBinder - building SimpleValue for lastName
2021-06-13 09:27:56,913 [main] DEBUG o.h.cfg.annotations.PropertyBinder - Building property lastName
2021-06-13 09:27:56,913 [main] DEBUG org.hibernate.cfg.Ejb3Column - Binding column: Ejb3Column{table=org.hibernate.mapping.Table(users), mappingColumn=login, insertable=true, updatable=true, unique=false}
2021-06-13 09:27:56,913 [main] DEBUG o.h.cfg.annotations.PropertyBinder - MetadataSourceProcessor property login with lazy=false
2021-06-13 09:27:56,913 [main] DEBUG o.h.cfg.AbstractPropertyHolder - Attempting to locate auto-apply AttributeConverter for property [com.exadel.discount.entity.User:login]
2021-06-13 09:27:56,913 [main] DEBUG o.h.c.annotations.SimpleValueBinder - building SimpleValue for login
2021-06-13 09:27:56,914 [main] DEBUG o.h.cfg.annotations.PropertyBinder - Building property login
2021-06-13 09:27:56,914 [main] DEBUG org.hibernate.cfg.Ejb3Column - Binding column: Ejb3Column{table=org.hibernate.mapping.Table(users), mappingColumn=password, insertable=true, updatable=true, unique=false}
2021-06-13 09:27:56,915 [main] DEBUG o.h.cfg.annotations.PropertyBinder - MetadataSourceProcessor property password with lazy=false
2021-06-13 09:27:56,915 [main] DEBUG o.h.cfg.AbstractPropertyHolder - Attempting to locate auto-apply AttributeConverter for property [com.exadel.discount.entity.User:password]
2021-06-13 09:27:56,915 [main] DEBUG o.h.c.annotations.SimpleValueBinder - building SimpleValue for password
2021-06-13 09:27:56,915 [main] DEBUG o.h.cfg.annotations.PropertyBinder - Building property password
2021-06-13 09:27:56,915 [main] DEBUG org.hibernate.cfg.Ejb3Column - Binding column: Ejb3Column{table=org.hibernate.mapping.Table(users), mappingColumn=phone, insertable=true, updatable=true, unique=false}
2021-06-13 09:27:56,915 [main] DEBUG o.h.cfg.annotations.PropertyBinder - MetadataSourceProcessor property phone with lazy=false
2021-06-13 09:27:56,915 [main] DEBUG o.h.cfg.AbstractPropertyHolder - Attempting to locate auto-apply AttributeConverter for property [com.exadel.discount.entity.User:phone]
2021-06-13 09:27:56,915 [main] DEBUG o.h.c.annotations.SimpleValueBinder - building SimpleValue for phone
2021-06-13 09:27:56,915 [main] DEBUG o.h.cfg.annotations.PropertyBinder - Building property phone
2021-06-13 09:27:56,915 [main] DEBUG org.hibernate.cfg.Ejb3Column - Binding column: Ejb3Column{table=org.hibernate.mapping.Table(users), mappingColumn=role, insertable=true, updatable=true, unique=false}
2021-06-13 09:27:56,916 [main] DEBUG o.h.cfg.annotations.PropertyBinder - MetadataSourceProcessor property role with lazy=false
2021-06-13 09:27:56,916 [main] DEBUG o.h.cfg.AbstractPropertyHolder - Attempting to locate auto-apply AttributeConverter for property [com.exadel.discount.entity.User:role]
2021-06-13 09:27:56,916 [main] DEBUG o.h.c.annotations.SimpleValueBinder - building SimpleValue for role
2021-06-13 09:27:56,916 [main] DEBUG o.h.cfg.annotations.PropertyBinder - Building property role
2021-06-13 09:27:56,917 [main] DEBUG o.h.c.annotations.SimpleValueBinder - Starting fillSimpleValue for id
2021-06-13 09:27:56,917 [main] DEBUG o.h.c.annotations.SimpleValueBinder - Starting fillSimpleValue for date
2021-06-13 09:27:56,917 [main] DEBUG o.h.c.annotations.SimpleValueBinder - Starting fillSimpleValue for id
2021-06-13 09:27:56,917 [main] DEBUG o.h.c.annotations.SimpleValueBinder - Starting fillSimpleValue for email
2021-06-13 09:27:56,917 [main] DEBUG o.h.c.annotations.SimpleValueBinder - Starting fillSimpleValue for firstName
2021-06-13 09:27:56,917 [main] DEBUG o.h.c.annotations.SimpleValueBinder - Starting fillSimpleValue for lastName
2021-06-13 09:27:56,917 [main] DEBUG o.h.c.annotations.SimpleValueBinder - Starting fillSimpleValue for login
2021-06-13 09:27:56,917 [main] DEBUG o.h.c.annotations.SimpleValueBinder - Starting fillSimpleValue for password
2021-06-13 09:27:56,917 [main] DEBUG o.h.c.annotations.SimpleValueBinder - Starting fillSimpleValue for phone
2021-06-13 09:27:56,917 [main] DEBUG o.h.c.annotations.SimpleValueBinder - Starting fillSimpleValue for role
2021-06-13 09:27:56,917 [main] DEBUG o.h.b.internal.ClassLoaderAccessImpl - Not known whether passed class name [com.exadel.discount.config.EnumPostgresSQLType] is safe
2021-06-13 09:27:56,917 [main] DEBUG o.h.b.internal.ClassLoaderAccessImpl - No temp ClassLoader provided; using live ClassLoader for loading potentially unsafe class : com.exadel.discount.config.EnumPostgresSQLType
2021-06-13 09:27:56,921 [main] DEBUG org.hibernate.mapping.PrimaryKey - Forcing column [id] to be non-null as it is part of the primary key for table [coupons]
2021-06-13 09:27:56,921 [main] DEBUG org.hibernate.mapping.PrimaryKey - Forcing column [id] to be non-null as it is part of the primary key for table [users]
2021-06-13 09:27:56,921 [main] DEBUG o.hibernate.cfg.CollectionSecondPass - Second pass for collection: com.exadel.discount.entity.User.coupons
2021-06-13 09:27:56,921 [main] DEBUG o.h.cfg.annotations.CollectionBinder - Binding a OneToMany: com.exadel.discount.entity.User.coupons through a foreign key
2021-06-13 09:27:56,922 [main] DEBUG o.h.cfg.annotations.CollectionBinder - Mapping collection: com.exadel.discount.entity.User.coupons -> coupons
2021-06-13 09:27:56,922 [main] DEBUG o.hibernate.cfg.CollectionSecondPass - Mapped collection key: user_id, one-to-many: com.exadel.discount.entity.Coupon
2021-06-13 09:27:56,922 [main] DEBUG o.h.b.i.InFlightMetadataCollectorImpl - Resolving reference to class: com.exadel.discount.entity.User
2021-06-13 09:27:56,925 [main] DEBUG o.h.b.i.InFlightMetadataCollectorImpl - Resolving reference to class: com.exadel.discount.entity.User
2021-06-13 09:27:56,954 [main] DEBUG o.h.internal.SessionFactoryImpl - Building session factory
2021-06-13 09:27:56,954 [main] DEBUG org.hibernate.cfg.Settings - SessionFactory name : null
2021-06-13 09:27:56,955 [main] DEBUG org.hibernate.cfg.Settings - Automatic flush during beforeCompletion(): enabled
2021-06-13 09:27:56,955 [main] DEBUG org.hibernate.cfg.Settings - Automatic session close at end of transaction: disabled
2021-06-13 09:27:56,955 [main] DEBUG org.hibernate.cfg.Settings - Statistics: disabled
2021-06-13 09:27:56,955 [main] DEBUG org.hibernate.cfg.Settings - Deleted entity synthetic identifier rollback: disabled
2021-06-13 09:27:56,955 [main] DEBUG org.hibernate.cfg.Settings - Default entity-mode: pojo
2021-06-13 09:27:56,955 [main] DEBUG org.hibernate.cfg.Settings - Check Nullability in Core (should be disabled when Bean Validation is on): enabled
2021-06-13 09:27:56,955 [main] DEBUG org.hibernate.cfg.Settings - Allow initialization of lazy state outside session : disabled
2021-06-13 09:27:56,955 [main] DEBUG org.hibernate.cfg.Settings - Using BatchFetchStyle : LEGACY
2021-06-13 09:27:56,955 [main] DEBUG org.hibernate.cfg.Settings - Default batch fetch size: -1
2021-06-13 09:27:56,955 [main] DEBUG org.hibernate.cfg.Settings - Maximum outer join fetch depth: null
2021-06-13 09:27:56,955 [main] DEBUG org.hibernate.cfg.Settings - Default null ordering: NONE
2021-06-13 09:27:56,955 [main] DEBUG org.hibernate.cfg.Settings - Order SQL updates by primary key: disabled
2021-06-13 09:27:56,955 [main] DEBUG org.hibernate.cfg.Settings - Order SQL inserts for batching: disabled
2021-06-13 09:27:56,956 [main] DEBUG org.hibernate.cfg.Settings - multi-tenancy strategy : NONE
2021-06-13 09:27:56,956 [main] DEBUG org.hibernate.cfg.Settings - JTA Track by Thread: enabled
2021-06-13 09:27:56,956 [main] DEBUG org.hibernate.cfg.Settings - Query language substitutions: {}
2021-06-13 09:27:56,956 [main] DEBUG org.hibernate.cfg.Settings - Named query checking : enabled
2021-06-13 09:27:56,956 [main] DEBUG org.hibernate.cfg.Settings - Second-level cache: disabled
2021-06-13 09:27:56,956 [main] DEBUG org.hibernate.cfg.Settings - Second-level query cache: disabled
2021-06-13 09:27:56,956 [main] DEBUG org.hibernate.cfg.Settings - Second-level query cache factory: null
2021-06-13 09:27:56,956 [main] DEBUG org.hibernate.cfg.Settings - Second-level cache region prefix: null
2021-06-13 09:27:56,956 [main] DEBUG org.hibernate.cfg.Settings - Optimize second-level cache for minimal puts: disabled
2021-06-13 09:27:56,956 [main] DEBUG org.hibernate.cfg.Settings - Structured second-level cache entries: disabled
2021-06-13 09:27:56,956 [main] DEBUG org.hibernate.cfg.Settings - Second-level cache direct-reference entries: disabled
2021-06-13 09:27:56,956 [main] DEBUG org.hibernate.cfg.Settings - Automatic eviction of collection cache: disabled
2021-06-13 09:27:56,957 [main] DEBUG org.hibernate.cfg.Settings - JDBC batch size: 15
2021-06-13 09:27:56,957 [main] DEBUG org.hibernate.cfg.Settings - JDBC batch updates for versioned data: enabled
2021-06-13 09:27:56,957 [main] DEBUG org.hibernate.cfg.Settings - Scrollable result sets: enabled
2021-06-13 09:27:56,957 [main] DEBUG org.hibernate.cfg.Settings - Wrap result sets: disabled
2021-06-13 09:27:56,957 [main] DEBUG org.hibernate.cfg.Settings - JDBC3 getGeneratedKeys(): enabled
2021-06-13 09:27:56,957 [main] DEBUG org.hibernate.cfg.Settings - JDBC result set fetch size: null
2021-06-13 09:27:56,957 [main] DEBUG org.hibernate.cfg.Settings - Connection release mode: ON_CLOSE
2021-06-13 09:27:56,957 [main] DEBUG org.hibernate.cfg.Settings - Generate SQL with comments: disabled
2021-06-13 09:27:56,957 [main] DEBUG org.hibernate.cfg.Settings - JPA compliance - query : disabled
2021-06-13 09:27:56,957 [main] DEBUG org.hibernate.cfg.Settings - JPA compliance - closed-handling : disabled
2021-06-13 09:27:56,957 [main] DEBUG org.hibernate.cfg.Settings - JPA compliance - lists : disabled
2021-06-13 09:27:56,957 [main] DEBUG org.hibernate.cfg.Settings - JPA compliance - transactions : disabled
2021-06-13 09:27:57,004 [main] DEBUG o.h.internal.SessionFactoryImpl - Session factory constructed with filter configurations : {}
2021-06-13 09:27:57,004 [main] DEBUG o.h.internal.SessionFactoryImpl - Instantiating session factory with properties: {hibernate.id.new_generator_mappings=true, java.specification.version=15, hibernate.resource.beans.container=org.springframework.orm.hibernate5.SpringBeanContainer@3361d286, hibernate.connection.handling_mode=DELAYED_ACQUISITION_AND_HOLD, sun.jnu.encoding=UTF-8, hibernate.dialect=org.hibernate.dialect.PostgreSQLDialect, hibernate.implicit_naming_strategy=org.springframework.boot.orm.jpa.hibernate.SpringImplicitNamingStrategy, java.class.path=/Users/nura/dev/java11/target/classes:/Users/nura/.m2/repository/org/springframework/boot/spring-boot/2.4.3/spring-boot-2.4.3.jar:/Users/nura/.m2/repository/org/springframework/boot/spring-boot-autoconfigure/2.4.3/spring-boot-autoconfigure-2.4.3.jar:/Users/nura/.m2/repository/ch/qos/logback/logback-classic/1.2.3/logback-classic-1.2.3.jar:/Users/nura/.m2/repository/ch/qos/logback/logback-core/1.2.3/logback-core-1.2.3.jar:/Users/nura/.m2/repository/org/apache/logging/log4j/log4j-to-slf4j/2.13.3/log4j-to-slf4j-2.13.3.jar:/Users/nura/.m2/repository/org/apache/logging/log4j/log4j-api/2.13.3/log4j-api-2.13.3.jar:/Users/nura/.m2/repository/org/slf4j/jul-to-slf4j/1.7.30/jul-to-slf4j-1.7.30.jar:/Users/nura/.m2/repository/jakarta/annotation/jakarta.annotation-api/1.3.5/jakarta.annotation-api-1.3.5.jar:/Users/nura/.m2/repository/org/yaml/snakeyaml/1.27/snakeyaml-1.27.jar:/Users/nura/.m2/repository/com/fasterxml/jackson/core/jackson-databind/2.11.4/jackson-databind-2.11.4.jar:/Users/nura/.m2/repository/com/fasterxml/jackson/core/jackson-annotations/2.11.4/jackson-annotations-2.11.4.jar:/Users/nura/.m2/repository/com/fasterxml/jackson/core/jackson-core/2.11.4/jackson-core-2.11.4.jar:/Users/nura/.m2/repository/com/fasterxml/jackson/datatype/jackson-datatype-jdk8/2.11.4/jackson-datatype-jdk8-2.11.4.jar:/Users/nura/.m2/repository/com/fasterxml/jackson/datatype/jackson-datatype-jsr310/2.11.4/jackson-datatype-jsr310-2.11.4.jar:/Users/nura/.m2/repository/com/fasterxml/jackson/module/jackson-module-parameter-names/2.11.4/jackson-module-parameter-names-2.11.4.jar:/Users/nura/.m2/repository/org/apache/tomcat/embed/tomcat-embed-core/9.0.43/tomcat-embed-core-9.0.43.jar:/Users/nura/.m2/repository/org/glassfish/jakarta.el/3.0.3/jakarta.el-3.0.3.jar:/Users/nura/.m2/repository/org/apache/tomcat/embed/tomcat-embed-websocket/9.0.43/tomcat-embed-websocket-9.0.43.jar:/Users/nura/.m2/repository/org/springframework/spring-web/5.3.4/spring-web-5.3.4.jar:/Users/nura/.m2/repository/org/springframework/spring-beans/5.3.4/spring-beans-5.3.4.jar:/Users/nura/.m2/repository/org/springframework/spring-webmvc/5.3.4/spring-webmvc-5.3.4.jar:/Users/nura/.m2/repository/org/springframework/spring-aop/5.3.4/spring-aop-5.3.4.jar:/Users/nura/.m2/repository/org/springframework/spring-context/5.3.4/spring-context-5.3.4.jar:/Users/nura/.m2/repository/org/springframework/spring-expression/5.3.4/spring-expression-5.3.4.jar:/Users/nura/.m2/repository/org/aspectj/aspectjweaver/1.9.6/aspectjweaver-1.9.6.jar:/Users/nura/.m2/repository/com/zaxxer/HikariCP/3.4.5/HikariCP-3.4.5.jar:/Users/nura/.m2/repository/org/springframework/spring-jdbc/5.3.4/spring-jdbc-5.3.4.jar:/Users/nura/.m2/repository/jakarta/transaction/jakarta.transaction-api/1.3.3/jakarta.transaction-api-1.3.3.jar:/Users/nura/.m2/repository/jakarta/persistence/jakarta.persistence-api/2.2.3/jakarta.persistence-api-2.2.3.jar:/Users/nura/.m2/repository/org/hibernate/hibernate-core/5.4.28.Final/hibernate-core-5.4.28.Final.jar:/Users/nura/.m2/repository/org/jboss/logging/jboss-logging/3.4.1.Final/jboss-logging-3.4.1.Final.jar:/Users/nura/.m2/repository/org/javassist/javassist/3.27.0-GA/javassist-3.27.0-GA.jar:/Users/nura/.m2/repository/net/bytebuddy/byte-buddy/1.10.20/byte-buddy-1.10.20.jar:/Users/nura/.m2/repository/antlr/antlr/2.7.7/antlr-2.7.7.jar:/Users/nura/.m2/repository/org/jboss/jandex/2.2.3.Final/jandex-2.2.3.Final.jar:/Users/nura/.m2/repository/org/dom4j/dom4j/2.1.3/dom4j-2.1.3.jar:/Users/nura/.m2/repository/org/hibernate/common/hibernate-commons-annotations/5.1.2.Final/hibernate-commons-annotations-5.1.2.Final.jar:/Users/nura/.m2/repository/org/glassfish/jaxb/jaxb-runtime/2.3.3/jaxb-runtime-2.3.3.jar:/Users/nura/.m2/repository/org/glassfish/jaxb/txw2/2.3.3/txw2-2.3.3.jar:/Users/nura/.m2/repository/com/sun/istack/istack-commons-runtime/3.0.11/istack-commons-runtime-3.0.11.jar:/Users/nura/.m2/repository/com/sun/activation/jakarta.activation/1.2.2/jakarta.activation-1.2.2.jar:/Users/nura/.m2/repository/org/springframework/data/spring-data-jpa/2.4.5/spring-data-jpa-2.4.5.jar:/Users/nura/.m2/repository/org/springframework/data/spring-data-commons/2.4.5/spring-data-commons-2.4.5.jar:/Users/nura/.m2/repository/org/springframework/spring-orm/5.3.4/spring-orm-5.3.4.jar:/Users/nura/.m2/repository/org/springframework/spring-tx/5.3.4/spring-tx-5.3.4.jar:/Users/nura/.m2/repository/org/springframework/spring-aspects/5.3.4/spring-aspects-5.3.4.jar:/Users/nura/.m2/repository/jakarta/xml/bind/jakarta.xml.bind-api/2.3.3/jakarta.xml.bind-api-2.3.3.jar:/Users/nura/.m2/repository/jakarta/activation/jakarta.activation-api/1.2.2/jakarta.activation-api-1.2.2.jar:/Users/nura/.m2/repository/org/springframework/spring-core/5.3.4/spring-core-5.3.4.jar:/Users/nura/.m2/repository/org/springframework/spring-jcl/5.3.4/spring-jcl-5.3.4.jar:/Users/nura/.m2/repository/org/apache/tomcat/embed/tomcat-embed-el/9.0.43/tomcat-embed-el-9.0.43.jar:/Users/nura/.m2/repository/org/hibernate/validator/hibernate-validator/6.1.7.Final/hibernate-validator-6.1.7.Final.jar:/Users/nura/.m2/repository/jakarta/validation/jakarta.validation-api/2.0.2/jakarta.validation-api-2.0.2.jar:/Users/nura/.m2/repository/org/projectlombok/lombok/1.18.20/lombok-1.18.20.jar:/Users/nura/.m2/repository/org/liquibase/liquibase-core/4.3.5/liquibase-core-4.3.5.jar:/Users/nura/.m2/repository/javax/xml/bind/jaxb-api/2.3.1/jaxb-api-2.3.1.jar:/Users/nura/.m2/repository/javax/activation/javax.activation-api/1.2.0/javax.activation-api-1.2.0.jar:/Users/nura/.m2/repository/org/postgresql/postgresql/42.2.20/postgresql-42.2.20.jar:/Users/nura/.m2/repository/org/checkerframework/checker-qual/3.5.0/checker-qual-3.5.0.jar:/Users/nura/.m2/repository/io/springfox/springfox-boot-starter/3.0.0/springfox-boot-starter-3.0.0.jar:/Users/nura/.m2/repository/io/springfox/springfox-oas/3.0.0/springfox-oas-3.0.0.jar:/Users/nura/.m2/repository/io/swagger/core/v3/swagger-annotations/2.1.2/swagger-annotations-2.1.2.jar:/Users/nura/.m2/repository/io/swagger/core/v3/swagger-models/2.1.2/swagger-models-2.1.2.jar:/Users/nura/.m2/repository/io/springfox/springfox-spi/3.0.0/springfox-spi-3.0.0.jar:/Users/nura/.m2/repository/io/springfox/springfox-schema/3.0.0/springfox-schema-3.0.0.jar:/Users/nura/.m2/repository/io/springfox/springfox-core/3.0.0/springfox-core-3.0.0.jar:/Users/nura/.m2/repository/io/springfox/springfox-spring-web/3.0.0/springfox-spring-web-3.0.0.jar:/Users/nura/.m2/repository/io/github/classgraph/classgraph/4.8.83/classgraph-4.8.83.jar:/Users/nura/.m2/repository/io/springfox/springfox-spring-webflux/3.0.0/springfox-spring-webflux-3.0.0.jar:/Users/nura/.m2/repository/io/springfox/springfox-swagger-common/3.0.0/springfox-swagger-common-3.0.0.jar:/Users/nura/.m2/repository/org/mapstruct/mapstruct/1.3.1.Final/mapstruct-1.3.1.Final.jar:/Users/nura/.m2/repository/io/springfox/springfox-data-rest/3.0.0/springfox-data-rest-3.0.0.jar:/Users/nura/.m2/repository/io/springfox/springfox-bean-validators/3.0.0/springfox-bean-validators-3.0.0.jar:/Users/nura/.m2/repository/io/springfox/springfox-swagger2/3.0.0/springfox-swagger2-3.0.0.jar:/Users/nura/.m2/repository/io/swagger/swagger-annotations/1.5.20/swagger-annotations-1.5.20.jar:/Users/nura/.m2/repository/io/swagger/swagger-models/1.5.20/swagger-models-1.5.20.jar:/Users/nura/.m2/repository/com/fasterxml/classmate/1.5.1/classmate-1.5.1.jar:/Users/nura/.m2/repository/org/slf4j/slf4j-api/1.7.30/slf4j-api-1.7.30.jar:/Users/nura/.m2/repository/org/springframework/plugin/spring-plugin-core/2.0.0.RELEASE/spring-plugin-core-2.0.0.RELEASE.jar:/Users/nura/.m2/repository/org/springframework/plugin/spring-plugin-metadata/2.0.0.RELEASE/spring-plugin-metadata-2.0.0.RELEASE.jar:/Users/nura/.m2/repository/io/springfox/springfox-swagger-ui/3.0.0/springfox-swagger-ui-3.0.0.jar:/Users/nura/.m2/repository/io/springfox/springfox-spring-webmvc/3.0.0/springfox-spring-webmvc-3.0.0.jar:/Users/nura/.m2/repository/javax/validation/validation-api/2.0.1.Final/validation-api-2.0.1.Final.jar, java.vm.vendor=Oracle Corporation, sun.arch.data.model=64, java.vendor.url=https://java.oracle.com/, catalina.useNaming=false, user.timezone=Europe/Kiev, java.vm.specification.version=15, os.name=Mac OS X, javax.persistence.validation.mode=AUTO, sun.java.launcher=SUN_STANDARD, user.country=UA, sun.boot.library.path=/Users/nura/Library/Java/JavaVirtualMachines/openjdk-15.0.2/Contents/Home/lib, sun.java.command=com.exadel.discount.DiscountApplication, javax.persistence.nonJtaDataSource=HikariDataSource (HikariPool-1), hibernate.transaction.jta.platform=org.hibernate.engine.transaction.jta.platform.internal.NoJtaPlatform@6ee186f3, http.nonProxyHosts=local|*.local|169.254/16|*.169.254/16, javax.persistence.sharedCache.mode=UNSPECIFIED, jdk.debug=release, sun.cpu.endian=little, user.home=/Users/nura, user.language=en, java.specification.vendor=Oracle Corporation, java.version.date=2021-01-19, java.home=/Users/nura/Library/Java/JavaVirtualMachines/openjdk-15.0.2/Contents/Home, file.separator=/, java.vm.compressedOopsMode=Zero based, line.separator=
, java.vm.specification.vendor=Oracle Corporation, java.specification.name=Java Platform API Specification, FILE_LOG_CHARSET=UTF-8, hibernate.transaction.coordinator_class=class org.hibernate.resource.transaction.backend.jdbc.internal.JdbcResourceLocalTransactionCoordinatorBuilderImpl, java.awt.headless=true, hibernate.hbm2ddl.auto=update, sun.management.compiler=HotSpot 64-Bit Tiered Compilers, ftp.nonProxyHosts=local|*.local|169.254/16|*.169.254/16, java.runtime.version=15.0.2+7-27, user.name=nura, path.separator=:, os.version=10.15.7, java.runtime.name=OpenJDK Runtime Environment, file.encoding=UTF-8, FILE_LOG_PATTERN=%d [%t] %-5level %logger{36} - %msg%n, hibernate.ejb.persistenceUnitName=default, spring.beaninfo.ignore=true, java.vm.name=OpenJDK 64-Bit Server VM, hibernate.show_sql=true, LOG_FILE=logs/Discount-exadel-one-to-many-service.log, java.vendor.url.bug=https://bugreport.java.com/bugreport/, java.io.tmpdir=/var/folders/s1/11sv_2f94mq8c96c2zfwqss80000gn/T/, com.zaxxer.hikari.pool_number=1, catalina.home=/private/var/folders/s1/11sv_2f94mq8c96c2zfwqss80000gn/T/tomcat.8080.15171550874928359074, java.version=15.0.2, hibernate.physical_naming_strategy=org.springframework.boot.orm.jpa.hibernate.SpringPhysicalNamingStrategy, user.dir=/Users/nura/dev/java11, os.arch=x86_64, java.vm.specification.name=Java Virtual Machine Specification, PID=20678, CONSOLE_LOG_CHARSET=UTF-8, catalina.base=/private/var/folders/s1/11sv_2f94mq8c96c2zfwqss80000gn/T/tomcat.8080.15171550874928359074, hibernate.boot.CfgXmlAccessService.key=org.hibernate.boot.registry.StandardServiceRegistryBuilder$1@49fb693d, java.library.path=/Users/nura/Library/Java/Extensions:/Library/Java/Extensions:/Network/Library/Java/Extensions:/System/Library/Java/Extensions:/usr/lib/java:., java.vendor=Oracle Corporation, java.vm.info=mixed mode, sharing, java.vm.version=15.0.2+7-27, hibernate.bytecode.use_reflection_optimizer=false, sun.io.unicode.encoding=UnicodeBig, hibernate.archive.scanner=org.hibernate.boot.archive.scan.internal.DisabledScanner, hibernate.connection.datasource=HikariDataSource (HikariPool-1), socksNonProxyHosts=local|*.local|169.254/16|*.169.254/16, CONSOLE_LOG_PATTERN=%d [%t] %-5level %logger{36} - %msg%n, java.class.version=59.0}
2021-06-13 09:27:57,019 [main] DEBUG o.h.v.i.x.config.ValidationXmlParser - Trying to load META-INF/validation.xml for XML based Validator configuration.
2021-06-13 09:27:57,020 [main] DEBUG o.h.v.i.x.c.ResourceLoaderHelper - Trying to load META-INF/validation.xml via TCCL
2021-06-13 09:27:57,020 [main] DEBUG o.h.v.i.x.c.ResourceLoaderHelper - Trying to load META-INF/validation.xml via Hibernate Validator's class loader
2021-06-13 09:27:57,020 [main] DEBUG o.h.v.i.x.config.ValidationXmlParser - No META-INF/validation.xml found. Using annotation based configuration only.
2021-06-13 09:27:57,020 [main] DEBUG o.h.v.i.e.r.TraversableResolvers - Found javax.persistence.Persistence on classpath containing 'getPersistenceUtil'. Assuming JPA 2 environment. Trying to instantiate JPA aware TraversableResolver
2021-06-13 09:27:57,020 [main] DEBUG o.h.v.i.e.r.TraversableResolvers - Instantiated JPA aware TraversableResolver of type org.hibernate.validator.internal.engine.resolver.JPATraversableResolver.
2021-06-13 09:27:57,020 [main] DEBUG o.h.v.m.ResourceBundleMessageInterpolator - Loaded expression factory via original TCCL
2021-06-13 09:27:57,022 [main] DEBUG o.h.v.i.e.ValidatorFactoryConfigurationHelper - HV000252: Using org.hibernate.validator.internal.engine.DefaultPropertyNodeNameProvider as property node name provider.
2021-06-13 09:27:57,022 [main] DEBUG o.h.v.i.e.ValidatorFactoryConfigurationHelper - HV000234: Using org.hibernate.validator.messageinterpolation.ResourceBundleMessageInterpolator as ValidatorFactory-scoped message interpolator.
2021-06-13 09:27:57,022 [main] DEBUG o.h.v.i.e.ValidatorFactoryConfigurationHelper - HV000234: Using org.hibernate.validator.internal.engine.resolver.JPATraversableResolver as ValidatorFactory-scoped traversable resolver.
2021-06-13 09:27:57,022 [main] DEBUG o.h.v.i.e.ValidatorFactoryConfigurationHelper - HV000234: Using org.hibernate.validator.internal.util.ExecutableParameterNameProvider as ValidatorFactory-scoped parameter name provider.
2021-06-13 09:27:57,022 [main] DEBUG o.h.v.i.e.ValidatorFactoryConfigurationHelper - HV000234: Using org.hibernate.validator.internal.engine.DefaultClockProvider as ValidatorFactory-scoped clock provider.
2021-06-13 09:27:57,022 [main] DEBUG o.h.v.i.e.ValidatorFactoryConfigurationHelper - HV000234: Using org.hibernate.validator.internal.engine.scripting.DefaultScriptEvaluatorFactory as ValidatorFactory-scoped script evaluator factory.
2021-06-13 09:27:57,023 [main] DEBUG o.h.b.internal.ClassLoaderAccessImpl - Not known whether passed class name [com.exadel.discount.entity.User] is safe
2021-06-13 09:27:57,023 [main] DEBUG o.h.b.internal.ClassLoaderAccessImpl - No temp ClassLoader provided; using live ClassLoader for loading potentially unsafe class : com.exadel.discount.entity.User
2021-06-13 09:27:57,071 [main] DEBUG o.h.b.internal.ClassLoaderAccessImpl - Not known whether passed class name [com.exadel.discount.entity.Coupon] is safe
2021-06-13 09:27:57,071 [main] DEBUG o.h.b.internal.ClassLoaderAccessImpl - No temp ClassLoader provided; using live ClassLoader for loading potentially unsafe class : com.exadel.discount.entity.Coupon
2021-06-13 09:27:57,078 [main] DEBUG o.h.secure.spi.JaccIntegrator - Skipping JACC integration as it was not enabled
2021-06-13 09:27:57,085 [main] DEBUG org.hibernate.type.EnumType - Using NAMED-based conversion for Enum com.exadel.discount.entity.Role
2021-06-13 09:27:57,086 [main] DEBUG o.h.internal.SessionFactoryImpl - Instantiated session factory
2021-06-13 09:27:57,086 [main] DEBUG o.h.type.spi.TypeConfiguration$Scope - Scoping TypeConfiguration [org.hibernate.type.spi.TypeConfiguration@102ecb61] to SessionFactoryImpl [org.hibernate.internal.SessionFactoryImpl@587f6634]
2021-06-13 09:27:57,150 [main] DEBUG o.h.b.internal.ClassLoaderAccessImpl - Not known whether passed class name [com.exadel.discount.entity.User] is safe
2021-06-13 09:27:57,150 [main] DEBUG o.h.b.internal.ClassLoaderAccessImpl - No temp ClassLoader provided; using live ClassLoader for loading potentially unsafe class : com.exadel.discount.entity.User
2021-06-13 09:27:57,357 [main] DEBUG o.h.b.internal.ClassLoaderAccessImpl - Not known whether passed class name [com.exadel.discount.entity.Coupon] is safe
2021-06-13 09:27:57,357 [main] DEBUG o.h.b.internal.ClassLoaderAccessImpl - No temp ClassLoader provided; using live ClassLoader for loading potentially unsafe class : com.exadel.discount.entity.Coupon
2021-06-13 09:27:57,377 [main] DEBUG o.h.p.c.AbstractCollectionPersister - Static SQL for collection: com.exadel.discount.entity.User.coupons
2021-06-13 09:27:57,378 [main] DEBUG o.h.p.c.AbstractCollectionPersister -  Row insert: update coupons set user_id=? where id=?
2021-06-13 09:27:57,378 [main] DEBUG o.h.p.c.AbstractCollectionPersister -  Row update: update coupons set  where id=?
2021-06-13 09:27:57,378 [main] DEBUG o.h.p.c.AbstractCollectionPersister -  Row delete: update coupons set user_id=null where user_id=? and id=?
2021-06-13 09:27:57,378 [main] DEBUG o.h.p.c.AbstractCollectionPersister -  One-shot delete: update coupons set user_id=null where user_id=?
2021-06-13 09:27:57,381 [main] DEBUG o.h.p.entity.AbstractEntityPersister - Static SQL for entity: com.exadel.discount.entity.User
2021-06-13 09:27:57,382 [main] DEBUG o.h.p.entity.AbstractEntityPersister -  Version select: select id from users where id =?
2021-06-13 09:27:57,382 [main] DEBUG o.h.p.entity.AbstractEntityPersister -  Snapshot select: select user_.id, user_.email as email2_1_, user_.first_name as first_na3_1_, user_.last_name as last_nam4_1_, user_.login as login5_1_, user_.password as password6_1_, user_.phone as phone7_1_, user_.role as role8_1_ from users user_ where user_.id=?
2021-06-13 09:27:57,382 [main] DEBUG o.h.p.entity.AbstractEntityPersister -  Insert 0: insert into users (email, first_name, last_name, login, password, phone, role, id) values (?, ?, ?, ?, ?, ?, ?, ?)
2021-06-13 09:27:57,382 [main] DEBUG o.h.p.entity.AbstractEntityPersister -  Update 0: update users set email=?, first_name=?, last_name=?, login=?, password=?, phone=?, role=? where id=?
2021-06-13 09:27:57,382 [main] DEBUG o.h.p.entity.AbstractEntityPersister -  Delete 0: delete from users where id=?
2021-06-13 09:27:57,412 [main] DEBUG o.h.l.p.b.i.spaces.QuerySpacesImpl - Adding QuerySpace : uid = <gen:0> -> org.hibernate.loader.plan.build.internal.spaces.EntityQuerySpaceImpl@6e664075]
2021-06-13 09:27:57,412 [main] DEBUG o.h.p.w.spi.MetamodelGraphWalker - Visiting attribute path : coupons
2021-06-13 09:27:57,416 [main] DEBUG o.h.l.p.b.i.spaces.QuerySpacesImpl - Adding QuerySpace : uid = <gen:1> -> org.hibernate.loader.plan.build.internal.spaces.CollectionQuerySpaceImpl@726e29d]
2021-06-13 09:27:57,417 [main] DEBUG o.h.l.p.b.i.spaces.QuerySpacesImpl - Adding QuerySpace : uid = <gen:2> -> org.hibernate.loader.plan.build.internal.spaces.EntityQuerySpaceImpl@3d01b609]
2021-06-13 09:27:57,418 [main] DEBUG o.h.p.w.spi.MetamodelGraphWalker - Visiting attribute path : coupons.date
2021-06-13 09:27:57,418 [main] DEBUG o.h.p.w.spi.MetamodelGraphWalker - Visiting attribute path : coupons.user
2021-06-13 09:27:57,418 [main] DEBUG o.h.p.w.spi.MetamodelGraphWalker - Property path deemed to be circular : coupons.user
2021-06-13 09:27:57,419 [main] DEBUG o.h.p.w.spi.MetamodelGraphWalker - Visiting attribute path : email
2021-06-13 09:27:57,419 [main] DEBUG o.h.p.w.spi.MetamodelGraphWalker - Visiting attribute path : firstName
2021-06-13 09:27:57,419 [main] DEBUG o.h.p.w.spi.MetamodelGraphWalker - Visiting attribute path : lastName
2021-06-13 09:27:57,419 [main] DEBUG o.h.p.w.spi.MetamodelGraphWalker - Visiting attribute path : login
2021-06-13 09:27:57,419 [main] DEBUG o.h.p.w.spi.MetamodelGraphWalker - Visiting attribute path : password
2021-06-13 09:27:57,419 [main] DEBUG o.h.p.w.spi.MetamodelGraphWalker - Visiting attribute path : phone
2021-06-13 09:27:57,419 [main] DEBUG o.h.p.w.spi.MetamodelGraphWalker - Visiting attribute path : role
2021-06-13 09:27:57,419 [main] DEBUG o.h.l.p.b.i.FetchStyleLoadPlanBuildingAssociationVisitationStrategy - Building LoadPlan...
2021-06-13 09:27:57,429 [main] DEBUG o.h.l.p.e.i.LoadQueryJoinAndFetchProcessor - processing queryspace <gen:0>
2021-06-13 09:27:57,433 [main] DEBUG o.h.l.p.b.spi.LoadPlanTreePrinter - LoadPlan(entity=com.exadel.discount.entity.User)
    - Returns
       - EntityReturnImpl(entity=com.exadel.discount.entity.User, querySpaceUid=<gen:0>, path=com.exadel.discount.entity.User)
          - CollectionAttributeFetchImpl(collection=com.exadel.discount.entity.User.coupons, querySpaceUid=<gen:1>, path=com.exadel.discount.entity.User.coupons)
             - (collection element) CollectionFetchableElementEntityGraph(entity=com.exadel.discount.entity.Coupon, querySpaceUid=<gen:2>, path=com.exadel.discount.entity.User.coupons.<elements>)
    - QuerySpaces
       - EntityQuerySpaceImpl(uid=<gen:0>, entity=com.exadel.discount.entity.User)
          - SQL table alias mapping - user0_
          - alias suffix - 0_
          - suffixed key columns - {id1_1_0_}
          - JOIN (JoinDefinedByMetadata(coupons)) : <gen:0> -> <gen:1>
             - CollectionQuerySpaceImpl(uid=<gen:1>, collection=com.exadel.discount.entity.User.coupons)
                - SQL table alias mapping - coupons1_
                - alias suffix - 1_
                - suffixed key columns - {user_id3_0_1_}
                - entity-element alias suffix - 2_
                - 2_entity-element suffixed key columns - id1_0_2_
                - JOIN (JoinDefinedByMetadata(elements)) : <gen:1> -> <gen:2>
                   - EntityQuerySpaceImpl(uid=<gen:2>, entity=com.exadel.discount.entity.Coupon)
                      - SQL table alias mapping - coupons1_
                      - alias suffix - 2_
                      - suffixed key columns - {id1_0_2_}

2021-06-13 09:27:57,434 [main] DEBUG o.h.loader.entity.plan.EntityLoader - Static select for entity com.exadel.discount.entity.User [NONE]: select user0_.id as id1_1_0_, user0_.email as email2_1_0_, user0_.first_name as first_na3_1_0_, user0_.last_name as last_nam4_1_0_, user0_.login as login5_1_0_, user0_.password as password6_1_0_, user0_.phone as phone7_1_0_, user0_.role as role8_1_0_, coupons1_.user_id as user_id3_0_1_, coupons1_.id as id1_0_1_, coupons1_.id as id1_0_2_, coupons1_.date as date2_0_2_, coupons1_.user_id as user_id3_0_2_ from users user0_ left outer join coupons coupons1_ on user0_.id=coupons1_.user_id where user0_.id=?
2021-06-13 09:27:57,434 [main] DEBUG o.h.p.entity.AbstractEntityPersister - Static SQL for entity: com.exadel.discount.entity.Coupon
2021-06-13 09:27:57,434 [main] DEBUG o.h.p.entity.AbstractEntityPersister -  Version select: select id from coupons where id =?
2021-06-13 09:27:57,435 [main] DEBUG o.h.p.entity.AbstractEntityPersister -  Snapshot select: select coupon_.id, coupon_.date as date2_0_, coupon_.user_id as user_id3_0_ from coupons coupon_ where coupon_.id=?
2021-06-13 09:27:57,435 [main] DEBUG o.h.p.entity.AbstractEntityPersister -  Insert 0: insert into coupons (date, user_id, id) values (?, ?, ?)
2021-06-13 09:27:57,435 [main] DEBUG o.h.p.entity.AbstractEntityPersister -  Update 0: update coupons set date=?, user_id=? where id=?
2021-06-13 09:27:57,435 [main] DEBUG o.h.p.entity.AbstractEntityPersister -  Delete 0: delete from coupons where id=?
2021-06-13 09:27:57,435 [main] DEBUG o.h.l.p.b.i.spaces.QuerySpacesImpl - Adding QuerySpace : uid = <gen:0> -> org.hibernate.loader.plan.build.internal.spaces.EntityQuerySpaceImpl@641c8ba4]
2021-06-13 09:27:57,435 [main] DEBUG o.h.p.w.spi.MetamodelGraphWalker - Visiting attribute path : date
2021-06-13 09:27:57,435 [main] DEBUG o.h.p.w.spi.MetamodelGraphWalker - Visiting attribute path : user
2021-06-13 09:27:57,435 [main] DEBUG o.h.l.p.b.i.spaces.QuerySpacesImpl - Adding QuerySpace : uid = <gen:1> -> org.hibernate.loader.plan.build.internal.spaces.EntityQuerySpaceImpl@75559cd9]
2021-06-13 09:27:57,436 [main] DEBUG o.h.p.w.spi.MetamodelGraphWalker - Visiting attribute path : user.coupons
2021-06-13 09:27:57,436 [main] DEBUG o.h.p.w.spi.MetamodelGraphWalker - Property path deemed to be circular : user.coupons
2021-06-13 09:27:57,436 [main] DEBUG o.h.p.w.spi.MetamodelGraphWalker - Visiting attribute path : user.email
2021-06-13 09:27:57,436 [main] DEBUG o.h.p.w.spi.MetamodelGraphWalker - Visiting attribute path : user.firstName
2021-06-13 09:27:57,436 [main] DEBUG o.h.p.w.spi.MetamodelGraphWalker - Visiting attribute path : user.lastName
2021-06-13 09:27:57,436 [main] DEBUG o.h.p.w.spi.MetamodelGraphWalker - Visiting attribute path : user.login
2021-06-13 09:27:57,436 [main] DEBUG o.h.p.w.spi.MetamodelGraphWalker - Visiting attribute path : user.password
2021-06-13 09:27:57,436 [main] DEBUG o.h.p.w.spi.MetamodelGraphWalker - Visiting attribute path : user.phone
2021-06-13 09:27:57,436 [main] DEBUG o.h.p.w.spi.MetamodelGraphWalker - Visiting attribute path : user.role
2021-06-13 09:27:57,436 [main] DEBUG o.h.l.p.b.i.FetchStyleLoadPlanBuildingAssociationVisitationStrategy - Building LoadPlan...
2021-06-13 09:27:57,436 [main] DEBUG o.h.l.p.e.i.LoadQueryJoinAndFetchProcessor - processing queryspace <gen:0>
2021-06-13 09:27:57,437 [main] DEBUG o.h.l.p.b.spi.LoadPlanTreePrinter - LoadPlan(entity=com.exadel.discount.entity.Coupon)
    - Returns
       - EntityReturnImpl(entity=com.exadel.discount.entity.Coupon, querySpaceUid=<gen:0>, path=com.exadel.discount.entity.Coupon)
          - EntityAttributeFetchImpl(entity=com.exadel.discount.entity.User, querySpaceUid=<gen:1>, path=com.exadel.discount.entity.Coupon.user)
    - QuerySpaces
       - EntityQuerySpaceImpl(uid=<gen:0>, entity=com.exadel.discount.entity.Coupon)
          - SQL table alias mapping - coupon0_
          - alias suffix - 0_
          - suffixed key columns - {id1_0_0_}
          - JOIN (JoinDefinedByMetadata(user)) : <gen:0> -> <gen:1>
             - EntityQuerySpaceImpl(uid=<gen:1>, entity=com.exadel.discount.entity.User)
                - SQL table alias mapping - user1_
                - alias suffix - 1_
                - suffixed key columns - {id1_1_1_}

2021-06-13 09:27:57,437 [main] DEBUG o.h.loader.entity.plan.EntityLoader - Static select for entity com.exadel.discount.entity.Coupon [NONE]: select coupon0_.id as id1_0_0_, coupon0_.date as date2_0_0_, coupon0_.user_id as user_id3_0_0_, user1_.id as id1_1_1_, user1_.email as email2_1_1_, user1_.first_name as first_na3_1_1_, user1_.last_name as last_nam4_1_1_, user1_.login as login5_1_1_, user1_.password as password6_1_1_, user1_.phone as phone7_1_1_, user1_.role as role8_1_1_ from coupons coupon0_ left outer join users user1_ on coupon0_.user_id=user1_.id where coupon0_.id=?
2021-06-13 09:27:57,440 [main] DEBUG o.h.l.p.b.i.spaces.QuerySpacesImpl - Adding QuerySpace : uid = <gen:0> -> org.hibernate.loader.plan.build.internal.spaces.CollectionQuerySpaceImpl@18139a43]
2021-06-13 09:27:57,440 [main] DEBUG o.h.l.p.b.i.spaces.QuerySpacesImpl - Adding QuerySpace : uid = <gen:1> -> org.hibernate.loader.plan.build.internal.spaces.EntityQuerySpaceImpl@4df5f119]
2021-06-13 09:27:57,440 [main] DEBUG o.h.p.w.spi.MetamodelGraphWalker - Visiting attribute path : date
2021-06-13 09:27:57,440 [main] DEBUG o.h.p.w.spi.MetamodelGraphWalker - Visiting attribute path : user
2021-06-13 09:27:57,440 [main] DEBUG o.h.p.w.spi.MetamodelGraphWalker - Property path deemed to be circular : user
2021-06-13 09:27:57,440 [main] DEBUG o.h.l.p.b.i.FetchStyleLoadPlanBuildingAssociationVisitationStrategy - Building LoadPlan...
2021-06-13 09:27:57,441 [main] DEBUG o.h.l.p.e.i.LoadQueryJoinAndFetchProcessor - processing queryspace <gen:0>
2021-06-13 09:27:57,442 [main] DEBUG o.h.l.p.b.spi.LoadPlanTreePrinter - LoadPlan(collection=com.exadel.discount.entity.User.coupons)
    - Returns
       - CollectionReturnImpl(collection=com.exadel.discount.entity.User.coupons, querySpaceUid=<gen:0>, path=[com.exadel.discount.entity.User.coupons])
          - (collection element) CollectionFetchableElementEntityGraph(entity=com.exadel.discount.entity.Coupon, querySpaceUid=<gen:1>, path=[com.exadel.discount.entity.User.coupons].<elements>)
    - QuerySpaces
       - CollectionQuerySpaceImpl(uid=<gen:0>, collection=com.exadel.discount.entity.User.coupons)
          - SQL table alias mapping - coupons0_
          - alias suffix - 0_
          - suffixed key columns - {user_id3_0_0_}
          - entity-element alias suffix - 1_
          - 1_entity-element suffixed key columns - id1_0_1_
          - JOIN (JoinDefinedByMetadata(elements)) : <gen:0> -> <gen:1>
             - EntityQuerySpaceImpl(uid=<gen:1>, entity=com.exadel.discount.entity.Coupon)
                - SQL table alias mapping - coupons0_
                - alias suffix - 1_
                - suffixed key columns - {id1_0_1_}

2021-06-13 09:27:57,442 [main] DEBUG o.h.l.c.plan.CollectionLoader - Static select for collection com.exadel.discount.entity.User.coupons: select coupons0_.user_id as user_id3_0_0_, coupons0_.id as id1_0_0_, coupons0_.id as id1_0_1_, coupons0_.date as date2_0_1_, coupons0_.user_id as user_id3_0_1_ from coupons coupons0_ where coupons0_.user_id=?
2021-06-13 09:27:57,483 [main] DEBUG org.hibernate.mapping.Table - No alter strings for table : coupons
2021-06-13 09:27:57,483 [main] DEBUG org.hibernate.mapping.Table - No alter strings for table : users
2021-06-13 09:27:57,498 [main] INFO  o.h.e.t.j.p.i.JtaPlatformInitiator - HHH000490: Using JtaPlatform implementation: [org.hibernate.engine.transaction.jta.platform.internal.NoJtaPlatform]
2021-06-13 09:27:57,499 [main] DEBUG o.h.query.spi.NamedQueryRepository - Checking 0 named HQL queries
2021-06-13 09:27:57,499 [main] DEBUG o.h.query.spi.NamedQueryRepository - Checking 0 named SQL queries
2021-06-13 09:27:57,506 [main] DEBUG o.h.internal.SessionFactoryRegistry - Initializing SessionFactoryRegistry : org.hibernate.internal.SessionFactoryRegistry@17873842
2021-06-13 09:27:57,506 [main] DEBUG o.h.internal.SessionFactoryRegistry - Registering SessionFactory: f308416b-308d-472e-aa1c-ffd7925c5d84 (<unnamed>)
2021-06-13 09:27:57,506 [main] DEBUG o.h.internal.SessionFactoryRegistry - Not binding SessionFactory to JNDI, no JNDI name configured
2021-06-13 09:27:57,506 [main] INFO  o.s.o.j.LocalContainerEntityManagerFactoryBean - Initialized JPA EntityManagerFactory for persistence unit 'default'
2021-06-13 09:27:57,639 [main] DEBUG o.h.s.internal.StatisticsInitiator - Statistics initialized [enabled=false]
2021-06-13 09:27:57,751 [main] DEBUG o.h.e.t.internal.TransactionImpl - On TransactionImpl creation, JpaCompliance#isJpaTransactionComplianceEnabled == false
2021-06-13 09:27:58,029 [main] WARN  o.s.b.a.o.j.JpaBaseConfiguration$JpaWebConfiguration - spring.jpa.open-in-view is enabled by default. Therefore, database queries may be performed during view rendering. Explicitly configure spring.jpa.open-in-view to disable this warning
2021-06-13 09:27:58,198 [main] DEBUG o.h.v.m.ResourceBundleMessageInterpolator - Loaded expression factory via original TCCL
2021-06-13 09:27:58,199 [main] DEBUG o.h.v.i.e.AbstractConfigurationImpl - Setting custom MessageInterpolator of type org.springframework.validation.beanvalidation.LocaleContextMessageInterpolator
2021-06-13 09:27:58,200 [main] DEBUG o.h.v.i.e.AbstractConfigurationImpl - Setting custom ConstraintValidatorFactory of type org.springframework.validation.beanvalidation.SpringConstraintValidatorFactory
2021-06-13 09:27:58,200 [main] DEBUG o.h.v.i.e.AbstractConfigurationImpl - Setting custom ParameterNameProvider of type org.springframework.validation.beanvalidation.LocalValidatorFactoryBean$1
2021-06-13 09:27:58,201 [main] DEBUG o.h.v.i.x.config.ValidationXmlParser - Trying to load META-INF/validation.xml for XML based Validator configuration.
2021-06-13 09:27:58,201 [main] DEBUG o.h.v.i.x.c.ResourceLoaderHelper - Trying to load META-INF/validation.xml via user class loader
2021-06-13 09:27:58,201 [main] DEBUG o.h.v.i.x.c.ResourceLoaderHelper - Trying to load META-INF/validation.xml via TCCL
2021-06-13 09:27:58,201 [main] DEBUG o.h.v.i.x.c.ResourceLoaderHelper - Trying to load META-INF/validation.xml via Hibernate Validator's class loader
2021-06-13 09:27:58,201 [main] DEBUG o.h.v.i.x.config.ValidationXmlParser - No META-INF/validation.xml found. Using annotation based configuration only.
2021-06-13 09:27:58,202 [main] DEBUG o.h.v.i.e.r.TraversableResolvers - Found javax.persistence.Persistence on classpath containing 'getPersistenceUtil'. Assuming JPA 2 environment. Trying to instantiate JPA aware TraversableResolver
2021-06-13 09:27:58,202 [main] DEBUG o.h.v.i.e.r.TraversableResolvers - Instantiated JPA aware TraversableResolver of type org.hibernate.validator.internal.engine.resolver.JPATraversableResolver.
2021-06-13 09:27:58,203 [main] DEBUG o.h.v.i.e.ValidatorFactoryConfigurationHelper - HV000252: Using org.hibernate.validator.internal.engine.DefaultPropertyNodeNameProvider as property node name provider.
2021-06-13 09:27:58,203 [main] DEBUG o.h.v.i.e.ValidatorFactoryConfigurationHelper - HV000234: Using org.springframework.validation.beanvalidation.LocaleContextMessageInterpolator as ValidatorFactory-scoped message interpolator.
2021-06-13 09:27:58,203 [main] DEBUG o.h.v.i.e.ValidatorFactoryConfigurationHelper - HV000234: Using org.hibernate.validator.internal.engine.resolver.JPATraversableResolver as ValidatorFactory-scoped traversable resolver.
2021-06-13 09:27:58,203 [main] DEBUG o.h.v.i.e.ValidatorFactoryConfigurationHelper - HV000234: Using org.hibernate.validator.internal.util.ExecutableParameterNameProvider as ValidatorFactory-scoped parameter name provider.
2021-06-13 09:27:58,203 [main] DEBUG o.h.v.i.e.ValidatorFactoryConfigurationHelper - HV000234: Using org.hibernate.validator.internal.engine.DefaultClockProvider as ValidatorFactory-scoped clock provider.
2021-06-13 09:27:58,203 [main] DEBUG o.h.v.i.e.ValidatorFactoryConfigurationHelper - HV000234: Using org.hibernate.validator.internal.engine.scripting.DefaultScriptEvaluatorFactory as ValidatorFactory-scoped script evaluator factory.
2021-06-13 09:27:58,269 [main] INFO  o.s.s.c.ThreadPoolTaskExecutor - Initializing ExecutorService 'applicationTaskExecutor'
2021-06-13 09:27:58,462 [main] INFO  o.s.b.w.e.tomcat.TomcatWebServer - Tomcat started on port(s): 8080 (http) with context path ''
2021-06-13 09:27:58,848 [main] INFO  c.e.discount.DiscountApplication - Started DiscountApplication in 10.854 seconds (JVM running for 11.212)
2021-06-13 09:28:09,509 [SpringContextShutdownHook] INFO  o.s.s.c.ThreadPoolTaskExecutor - Shutting down ExecutorService 'applicationTaskExecutor'
2021-06-13 09:28:09,513 [SpringContextShutdownHook] INFO  o.s.o.j.LocalContainerEntityManagerFactoryBean - Closing JPA EntityManagerFactory for persistence unit 'default'
2021-06-13 09:28:09,514 [SpringContextShutdownHook] DEBUG o.h.internal.SessionFactoryImpl - HHH000031: Closing
2021-06-13 09:28:09,514 [SpringContextShutdownHook] DEBUG o.h.type.spi.TypeConfiguration$Scope - Un-scoping TypeConfiguration [org.hibernate.type.spi.TypeConfiguration$Scope@6e62b9e9] from SessionFactory [org.hibernate.internal.SessionFactoryImpl@587f6634]
2021-06-13 09:28:09,515 [SpringContextShutdownHook] DEBUG o.h.s.i.AbstractServiceRegistryImpl - Implicitly destroying ServiceRegistry on de-registration of all child ServiceRegistries
2021-06-13 09:28:09,515 [SpringContextShutdownHook] DEBUG o.h.b.r.i.BootstrapServiceRegistryImpl - Implicitly destroying Boot-strap registry on de-registration of all child ServiceRegistries
2021-06-13 09:28:09,516 [SpringContextShutdownHook] INFO  com.zaxxer.hikari.HikariDataSource - HikariPool-1 - Shutdown initiated...
2021-06-13 09:28:09,518 [SpringContextShutdownHook] INFO  com.zaxxer.hikari.HikariDataSource - HikariPool-1 - Shutdown completed.
